<?xml version="1.0" encoding="UTF-8"?>
<!-- Generated by org.testng.reporters.JUnitXMLReporter -->
<testsuite ignored="3" hostname="LAPTOP-8GD78RI5" failures="0" tests="1" name="Default test(failed)" time="21.149" errors="0" timestamp="2023-10-17T10:25:46 IST">
  <testcase classname="com.Tests.LoginTests" name="validateLogo" time="1.237"/>
  <testcase classname="com.Tests.LoginTests" name="ValidateTitle" time="0.0">
    <ignored/>
  </testcase> <!-- ValidateTitle -->
  <testcase classname="com.Tests.LoginTests" name="ValidateURL" time="0.0">
    <ignored/>
  </testcase> <!-- ValidateURL -->
  <testcase classname="com.Tests.LoginTests" name="LoginWithValidCredential" time="0.0">
    <ignored/>
  </testcase> <!-- LoginWithValidCredential -->
</testsuite> <!-- Default test(failed) -->
