<?xml version="1.0" encoding="UTF-8"?>
<!-- Generated by org.testng.reporters.JUnitXMLReporter -->
<testsuite ignored="2" hostname="LAPTOP-8GD78RI5" failures="0" tests="1" name="Default test" time="13.507" errors="0" timestamp="2023-10-20T12:21:13 IST">
  <testcase classname="com.Tests.HomePageTests" name="ValidateLeftArrow" time="1.962"/>
  <testcase classname="com.Tests.HomePageTests" name="ValidatePIM_Module" time="0.0">
    <ignored/>
  </testcase> <!-- ValidatePIM_Module -->
  <testcase classname="com.Tests.HomePageTests" name="ValidateLogo" time="0.0">
    <ignored/>
  </testcase> <!-- ValidateLogo -->
</testsuite> <!-- Default test -->
