<?xml version="1.0" encoding="UTF-8"?>
<!-- Generated by org.testng.reporters.JUnitXMLReporter -->
<testsuite ignored="4" hostname="LAPTOP-8GD78RI5" failures="0" tests="1" name="Default test" time="17.325" errors="0" timestamp="2023-10-20T19:15:57 IST">
  <testcase classname="com.Tests.LoginTests" name="ValidateTitle" time="0.029"/>
  <testcase classname="com.Tests.LoginTests" name="validateForgotpasswordLink" time="0.0">
    <ignored/>
  </testcase> <!-- validateForgotpasswordLink -->
  <testcase classname="com.Tests.LoginTests" name="ValidateURL" time="0.0">
    <ignored/>
  </testcase> <!-- ValidateURL -->
  <testcase classname="com.Tests.LoginTests" name="LoginWithValidCredential" time="0.0">
    <ignored/>
  </testcase> <!-- LoginWithValidCredential -->
  <testcase classname="com.Tests.LoginTests" name="validateLogo" time="0.0">
    <ignored/>
  </testcase> <!-- validateLogo -->
</testsuite> <!-- Default test -->
