<?xml version="1.0" encoding="UTF-8"?>
<!-- Generated by org.testng.reporters.JUnitXMLReporter -->
<testsuite ignored="17" hostname="Nagesh" failures="0" tests="2" name="Test1" time="29.047" errors="0" timestamp="2024-02-05T23:00:09 IST">
  <testcase classname="com.Tests.LoginTests" name="ValidateLogo" time="1.499"/>
  <testcase classname="com.Tests.LoginTests" name="ValidateTitle" time="0.012"/>
  <testcase classname="com.Tests.LoginTests" name="LoginWithValidCredential" time="0.0">
    <ignored/>
  </testcase> <!-- LoginWithValidCredential -->
  <testcase classname="com.Tests.LoginTests" name="LoginWithBlanckUsername" time="0.0">
    <ignored/>
  </testcase> <!-- LoginWithBlanckUsername -->
  <testcase classname="com.Tests.LoginTests" name="ValidateCopyRightText" time="0.0">
    <ignored/>
  </testcase> <!-- ValidateCopyRightText -->
  <testcase classname="com.Tests.LoginTests" name="ValidateURL" time="0.0">
    <ignored/>
  </testcase> <!-- ValidateURL -->
  <testcase classname="com.Tests.LoginTests" name="LoginWithInvalidCharacterCredentials" time="0.0">
    <ignored/>
  </testcase> <!-- LoginWithInvalidCharacterCredentials -->
  <testcase classname="com.Tests.LoginTests" name="LoginWithInvalidUsernameValidPassword" time="0.0">
    <ignored/>
  </testcase> <!-- LoginWithInvalidUsernameValidPassword -->
  <testcase classname="com.Tests.LoginTests" name="ValidateLinkdnLinkIcon" time="0.0">
    <ignored/>
  </testcase> <!-- ValidateLinkdnLinkIcon -->
  <testcase classname="com.Tests.LoginTests" name="ValidateWebApplicationVersionText" time="0.0">
    <ignored/>
  </testcase> <!-- ValidateWebApplicationVersionText -->
  <testcase classname="com.Tests.LoginTests" name="LoginWithInvalidCredentials" time="0.0">
    <ignored/>
  </testcase> <!-- LoginWithInvalidCredentials -->
  <testcase classname="com.Tests.LoginTests" name="ValidateTwitterLinkIcon" time="0.0">
    <ignored/>
  </testcase> <!-- ValidateTwitterLinkIcon -->
  <testcase classname="com.Tests.LoginTests" name="ValidateFacebookLinkIcon" time="0.0">
    <ignored/>
  </testcase> <!-- ValidateFacebookLinkIcon -->
  <testcase classname="com.Tests.LoginTests" name="ValidateForgotpasswordLink" time="0.0">
    <ignored/>
  </testcase> <!-- ValidateForgotpasswordLink -->
  <testcase classname="com.Tests.LoginTests" name="ValidateLogoBanner" time="0.0">
    <ignored/>
  </testcase> <!-- ValidateLogoBanner -->
  <testcase classname="com.Tests.LoginTests" name="LoginWithBlankPassword" time="0.0">
    <ignored/>
  </testcase> <!-- LoginWithBlankPassword -->
  <testcase classname="com.Tests.LoginTests" name="ValidateYouTubeLinkIcon" time="0.0">
    <ignored/>
  </testcase> <!-- ValidateYouTubeLinkIcon -->
  <testcase classname="com.Tests.LoginTests" name="LoginWithValidUsernameInvalidPassword" time="0.0">
    <ignored/>
  </testcase> <!-- LoginWithValidUsernameInvalidPassword -->
  <testcase classname="com.Tests.LoginTests" name="LoginWithBlanckCredential" time="0.0">
    <ignored/>
  </testcase> <!-- LoginWithBlanckCredential -->
</testsuite> <!-- Test1 -->
