<?xml version="1.0" encoding="UTF-8"?>
<!-- Generated by org.testng.reporters.JUnitXMLReporter -->
<testsuite ignored="20" hostname="LAPTOP-8GD78RI5" failures="0" tests="1" name="Default test(failed)(failed)" time="17.069" errors="0" timestamp="2023-10-26T15:42:30 IST">
  <testcase classname="com.Tests.HomePageTests" name="ValidateProfileAboutFuctionality" time="2.871"/>
  <testcase classname="com.Tests.HomePageTests" name="ValidateDashboard_Module" time="0.0">
    <ignored/>
  </testcase> <!-- ValidateDashboard_Module -->
  <testcase classname="com.Tests.HomePageTests" name="ValidateBuzz_Module" time="0.0">
    <ignored/>
  </testcase> <!-- ValidateBuzz_Module -->
  <testcase classname="com.Tests.HomePageTests" name="ValidateProfileChangePasswordFuctionality" time="0.0">
    <ignored/>
  </testcase> <!-- ValidateProfileChangePasswordFuctionality -->
  <testcase classname="com.Tests.HomePageTests" name="ValidateTime_Module" time="0.0">
    <ignored/>
  </testcase> <!-- ValidateTime_Module -->
  <testcase classname="com.Tests.HomePageTests" name="ValidateSearchFunctionality" time="0.0">
    <ignored/>
  </testcase> <!-- ValidateSearchFunctionality -->
  <testcase classname="com.Tests.HomePageTests" name="ValidateAdmin_Module" time="0.0">
    <ignored/>
  </testcase> <!-- ValidateAdmin_Module -->
  <testcase classname="com.Tests.HomePageTests" name="ValidateProfileLogoutFuctionality" time="0.0">
    <ignored/>
  </testcase> <!-- ValidateProfileLogoutFuctionality -->
  <testcase classname="com.Tests.HomePageTests" name="ValidateLeave_Module" time="0.0">
    <ignored/>
  </testcase> <!-- ValidateLeave_Module -->
  <testcase classname="com.Tests.HomePageTests" name="ValidateDirectory_Module" time="0.0">
    <ignored/>
  </testcase> <!-- ValidateDirectory_Module -->
  <testcase classname="com.Tests.HomePageTests" name="ValidatePerformance_Module" time="0.0">
    <ignored/>
  </testcase> <!-- ValidatePerformance_Module -->
  <testcase classname="com.Tests.HomePageTests" name="ValidateLogo" time="0.0">
    <ignored/>
  </testcase> <!-- ValidateLogo -->
  <testcase classname="com.Tests.HomePageTests" name="ValidateProfileSupportFuctionality" time="0.0">
    <ignored/>
  </testcase> <!-- ValidateProfileSupportFuctionality -->
  <testcase classname="com.Tests.HomePageTests" name="ValidateMyInfo_Module" time="0.0">
    <ignored/>
  </testcase> <!-- ValidateMyInfo_Module -->
  <testcase classname="com.Tests.HomePageTests" name="ValidateLeftArrow" time="0.0">
    <ignored/>
  </testcase> <!-- ValidateLeftArrow -->
  <testcase classname="com.Tests.HomePageTests" name="ValidateHelpLinkFunctionality" time="0.0">
    <ignored/>
  </testcase> <!-- ValidateHelpLinkFunctionality -->
  <testcase classname="com.Tests.HomePageTests" name="ValidateProfileTab" time="0.0">
    <ignored/>
  </testcase> <!-- ValidateProfileTab -->
  <testcase classname="com.Tests.HomePageTests" name="ValidatePIM_Module" time="0.0">
    <ignored/>
  </testcase> <!-- ValidatePIM_Module -->
  <testcase classname="com.Tests.HomePageTests" name="ValidateMaintenance_Module" time="0.0">
    <ignored/>
  </testcase> <!-- ValidateMaintenance_Module -->
  <testcase classname="com.Tests.HomePageTests" name="ValidateRecruitment_Module" time="0.0">
    <ignored/>
  </testcase> <!-- ValidateRecruitment_Module -->
  <testcase classname="com.Tests.HomePageTests" name="ValidateClaim_Module" time="0.0">
    <ignored/>
  </testcase> <!-- ValidateClaim_Module -->
</testsuite> <!-- Default test(failed)(failed) -->
