<?xml version="1.0" encoding="UTF-8"?>
<!-- Generated by org.testng.reporters.JUnitXMLReporter -->
<testsuite ignored="0" hostname="LAPTOP-8GD78RI5" failures="0" tests="51" name="Four_Modules" time="1111.068" errors="0" timestamp="2023-10-26T22:25:35 IST">
  <testcase classname="com.Tests.ForgotPasswordPageTests" name="ValidateCancelButton" time="1.144"/>
  <testcase classname="com.Tests.ForgotPasswordPageTests" name="ValidateForgotPasswordURL" time="0.016"/>
  <testcase classname="com.Tests.ForgotPasswordPageTests" name="ValidateResetPasswordButton" time="0.426"/>
  <testcase classname="com.Tests.ForgotPasswordPageTests" name="ValidateResetPasswordWithBlankCredential" time="1.095"/>
  <testcase classname="com.Tests.ForgotPasswordPageTests" name="ValidateResetPasswordWithInvalidCharacterCredential" time="2.227"/>
  <testcase classname="com.Tests.ForgotPasswordPageTests" name="ValidateResetPasswordWithInvalidCredential" time="2.132"/>
  <testcase classname="com.Tests.ForgotPasswordPageTests" name="ValidateResetPasswordWithValidEmail" time="2.01"/>
  <testcase classname="com.Tests.LoginTestsExelData" name="LoginCredential" time="2.96"/>
  <testcase classname="com.Tests.LoginTestsExelData" name="LoginCredential" time="2.46"/>
  <testcase classname="com.Tests.LoginTestsExelData" name="LoginCredential" time="2.026"/>
  <testcase classname="com.Tests.LoginTestsExelData" name="LoginWithSingleExelCredential" time="8.084"/>
  <testcase classname="com.Tests.LoginTests" name="LoginWithBlanckCredential" time="1.75"/>
  <testcase classname="com.Tests.LoginTests" name="LoginWithBlanckUsername" time="1.762"/>
  <testcase classname="com.Tests.LoginTests" name="LoginWithBlankPassword" time="2.745"/>
  <testcase classname="com.Tests.LoginTests" name="LoginWithInvalidCharacterCredentials" time="4.15"/>
  <testcase classname="com.Tests.LoginTests" name="LoginWithInvalidCredentials" time="3.08"/>
  <testcase classname="com.Tests.LoginTests" name="LoginWithInvalidUsernameValidPassword" time="3.932"/>
  <testcase classname="com.Tests.LoginTests" name="LoginWithValidCredential" time="2.92"/>
  <testcase classname="com.Tests.LoginTests" name="LoginWithValidUsernameInvalidPassword" time="3.379"/>
  <testcase classname="com.Tests.LoginTests" name="ValidateCopyRightText" time="1.464"/>
  <testcase classname="com.Tests.LoginTests" name="ValidateFacebookLinkIcon" time="2.792"/>
  <testcase classname="com.Tests.LoginTests" name="ValidateForgotpasswordLink" time="2.633"/>
  <testcase classname="com.Tests.LoginTests" name="ValidateLinkdnLinkIcon" time="3.025"/>
  <testcase classname="com.Tests.LoginTests" name="ValidateLogo" time="2.298"/>
  <testcase classname="com.Tests.LoginTests" name="ValidateLogoBanner" time="1.979"/>
  <testcase classname="com.Tests.LoginTests" name="ValidateTitle" time="0.012"/>
  <testcase classname="com.Tests.LoginTests" name="ValidateTwitterLinkIcon" time="4.541"/>
  <testcase classname="com.Tests.LoginTests" name="ValidateURL" time="0.009"/>
  <testcase classname="com.Tests.LoginTests" name="ValidateWebApplicationVersionText" time="1.032"/>
  <testcase classname="com.Tests.LoginTests" name="ValidateYouTubeLinkIcon" time="4.545"/>
  <testcase classname="com.Tests.HomePageTests" name="ValidateAdmin_Module" time="2.717"/>
  <testcase classname="com.Tests.HomePageTests" name="ValidateBuzz_Module" time="1.18"/>
  <testcase classname="com.Tests.HomePageTests" name="ValidateClaim_Module" time="2.913"/>
  <testcase classname="com.Tests.HomePageTests" name="ValidateDashboard_Module" time="3.154"/>
  <testcase classname="com.Tests.HomePageTests" name="ValidateDirectory_Module" time="2.699"/>
  <testcase classname="com.Tests.HomePageTests" name="ValidateHelpLinkFunctionality" time="4.483"/>
  <testcase classname="com.Tests.HomePageTests" name="ValidateLeave_Module" time="2.931"/>
  <testcase classname="com.Tests.HomePageTests" name="ValidateLeftArrow" time="2.105"/>
  <testcase classname="com.Tests.HomePageTests" name="ValidateLogo" time="1.761"/>
  <testcase classname="com.Tests.HomePageTests" name="ValidateMaintenance_Module" time="2.875"/>
  <testcase classname="com.Tests.HomePageTests" name="ValidateMyInfo_Module" time="3.631"/>
  <testcase classname="com.Tests.HomePageTests" name="ValidatePIM_Module" time="2.994"/>
  <testcase classname="com.Tests.HomePageTests" name="ValidatePerformance_Module" time="4.252"/>
  <testcase classname="com.Tests.HomePageTests" name="ValidateProfileAboutFuctionality" time="5.146"/>
  <testcase classname="com.Tests.HomePageTests" name="ValidateProfileChangePasswordFunctionality" time="3.265"/>
  <testcase classname="com.Tests.HomePageTests" name="ValidateProfileLogoutFunctionality" time="3.296"/>
  <testcase classname="com.Tests.HomePageTests" name="ValidateProfileSupportFunctionality" time="3.243"/>
  <testcase classname="com.Tests.HomePageTests" name="ValidateProfileTab" time="1.937"/>
  <testcase classname="com.Tests.HomePageTests" name="ValidateRecruitment_Module" time="1.693"/>
  <testcase classname="com.Tests.HomePageTests" name="ValidateSearchFunctionality" time="1.955"/>
  <testcase classname="com.Tests.HomePageTests" name="ValidateTime_Module" time="2.855"/>
</testsuite> <!-- Four_Modules -->
