<?xml version="1.0" encoding="UTF-8"?>
<!-- Generated by org.testng.reporters.JUnitXMLReporter -->
<testsuite ignored="0" hostname="LAPTOP-8GD78RI5" failures="4" tests="27" name="TwoClasses" time="453.771" errors="0" timestamp="2023-10-23T20:18:56 IST">
  <testcase classname="com.Tests.ForgotPasswordPageTests" name="ValidateCancelButton" time="1.24"/>
  <testcase classname="com.Tests.ForgotPasswordPageTests" name="ValidateForgotPasswordURL" time="0.024"/>
  <testcase classname="com.Tests.ForgotPasswordPageTests" name="ValidateResetPasswordButton" time="15.05">
    <failure type="org.openqa.selenium.NoSuchElementException" message="no such element: Unable to locate element: {&amp;quot;method&amp;quot;:&amp;quot;xpath&amp;quot;,&amp;quot;selector&amp;quot;:&amp;quot;//button[@type=&amp;apos;submit&amp;apos;][text()=&amp;apos; Reset Password &amp;apos;]&amp;quot;}
  (Session info: chrome=118.0.5993.89)
For documentation on this error, please visit: https://www.selenium.dev/documentation/webdriver/troubleshooting/errors#no-such-element-exception
Build info: version: &amp;apos;4.14.0&amp;apos;, revision: &amp;apos;e5a96349ce&amp;apos;
System info: os.name: &amp;apos;Windows 11&amp;apos;, os.arch: &amp;apos;amd64&amp;apos;, os.version: &amp;apos;10.0&amp;apos;, java.version: &amp;apos;17.0.6&amp;apos;
Driver info: org.openqa.selenium.chrome.ChromeDriver
Command: [b244235fe54794f483fd22dbf2124447, findElement {using=xpath, value=//button[@type=&amp;apos;submit&amp;apos;][text()=&amp;apos; Reset Password &amp;apos;]}]
Capabilities {acceptInsecureCerts: false, browserName: chrome, browserVersion: 118.0.5993.89, chrome: {chromedriverVersion: 118.0.5993.70 (e52f33f30b91..., userDataDir: C:\Users\hp\AppData\Local\T...}, fedcm:accounts: true, goog:chromeOptions: {debuggerAddress: localhost:58916}, networkConnectionEnabled: false, pageLoadStrategy: normal, platformName: windows, proxy: Proxy(), se:cdp: ws://localhost:58916/devtoo..., se:cdpVersion: 118.0.5993.89, setWindowRect: true, strictFileInteractability: false, timeouts: {implicit: 0, pageLoad: 300000, script: 30000}, unhandledPromptBehavior: dismiss and notify, webauthn:extension:credBlob: true, webauthn:extension:largeBlob: true, webauthn:extension:minPinLength: true, webauthn:extension:prf: true, webauthn:virtualAuthenticators: true}
Session ID: b244235fe54794f483fd22dbf2124447">
      <![CDATA[org.openqa.selenium.NoSuchElementException: no such element: Unable to locate element: {"method":"xpath","selector":"//button[@type='submit'][text()=' Reset Password ']"}
  (Session info: chrome=118.0.5993.89)
For documentation on this error, please visit: https://www.selenium.dev/documentation/webdriver/troubleshooting/errors#no-such-element-exception
Build info: version: '4.14.0', revision: 'e5a96349ce'
System info: os.name: 'Windows 11', os.arch: 'amd64', os.version: '10.0', java.version: '17.0.6'
Driver info: org.openqa.selenium.chrome.ChromeDriver
Command: [b244235fe54794f483fd22dbf2124447, findElement {using=xpath, value=//button[@type='submit'][text()=' Reset Password ']}]
Capabilities {acceptInsecureCerts: false, browserName: chrome, browserVersion: 118.0.5993.89, chrome: {chromedriverVersion: 118.0.5993.70 (e52f33f30b91..., userDataDir: C:\Users\hp\AppData\Local\T...}, fedcm:accounts: true, goog:chromeOptions: {debuggerAddress: localhost:58916}, networkConnectionEnabled: false, pageLoadStrategy: normal, platformName: windows, proxy: Proxy(), se:cdp: ws://localhost:58916/devtoo..., se:cdpVersion: 118.0.5993.89, setWindowRect: true, strictFileInteractability: false, timeouts: {implicit: 0, pageLoad: 300000, script: 30000}, unhandledPromptBehavior: dismiss and notify, webauthn:extension:credBlob: true, webauthn:extension:largeBlob: true, webauthn:extension:minPinLength: true, webauthn:extension:prf: true, webauthn:virtualAuthenticators: true}
Session ID: b244235fe54794f483fd22dbf2124447
at org.openqa.selenium.remote.codec.w3c.W3CHttpResponseCodec.createException(W3CHttpResponseCodec.java:200)
at org.openqa.selenium.remote.codec.w3c.W3CHttpResponseCodec.decode(W3CHttpResponseCodec.java:133)
at org.openqa.selenium.remote.codec.w3c.W3CHttpResponseCodec.decode(W3CHttpResponseCodec.java:52)
at org.openqa.selenium.remote.HttpCommandExecutor.execute(HttpCommandExecutor.java:191)
at org.openqa.selenium.remote.service.DriverCommandExecutor.invokeExecute(DriverCommandExecutor.java:196)
at org.openqa.selenium.remote.service.DriverCommandExecutor.execute(DriverCommandExecutor.java:171)
at org.openqa.selenium.remote.RemoteWebDriver.execute(RemoteWebDriver.java:602)
at org.openqa.selenium.remote.ElementLocation$ElementFinder$2.findElement(ElementLocation.java:165)
at org.openqa.selenium.remote.ElementLocation.findElement(ElementLocation.java:59)
at org.openqa.selenium.remote.RemoteWebDriver.findElement(RemoteWebDriver.java:359)
at org.openqa.selenium.remote.RemoteWebDriver.findElement(RemoteWebDriver.java:353)
at org.openqa.selenium.support.pagefactory.DefaultElementLocator.findElement(DefaultElementLocator.java:68)
at org.openqa.selenium.support.pagefactory.internal.LocatingElementHandler.invoke(LocatingElementHandler.java:38)
at jdk.proxy2/jdk.proxy2.$Proxy12.isDisplayed(Unknown Source)
at com.pom.ForgotPasswordPage.ClickonResetPasswordButton(ForgotPasswordPage.java:44)
at com.Tests.ForgotPasswordPageTests.ValidateResetPasswordButton(ForgotPasswordPageTests.java:68)
at java.base/java.util.ArrayList.forEach(ArrayList.java:1511)
... Removed 32 stack frames]]>
    </failure>
  </testcase> <!-- ValidateResetPasswordButton -->
  <testcase classname="com.Tests.ForgotPasswordPageTests" name="ValidateResetPasswordWithBlankCredential" time="0.589"/>
  <testcase classname="com.Tests.ForgotPasswordPageTests" name="ValidateResetPasswordWithInvalidCharacterCredential" time="1.842"/>
  <testcase classname="com.Tests.ForgotPasswordPageTests" name="ValidateResetPasswordWithInvalidCredential" time="1.841"/>
  <testcase classname="com.Tests.ForgotPasswordPageTests" name="ValidateResetPasswordWithValidEmail" time="1.801"/>
  <testcase classname="com.Tests.LoginTestsExelData" name="LoginWithAllExelData" time="0.951"/>
  <testcase classname="com.Tests.LoginTestsExelData" name="LoginWithSingleExelCredential" time="8.466"/>
  <testcase classname="com.Tests.LoginTests" name="LoginWithBlanckCredential" time="1.056"/>
  <testcase classname="com.Tests.LoginTests" name="LoginWithBlanckPassword" time="16.3">
    <failure type="org.openqa.selenium.NoSuchElementException" message="no such element: Unable to locate element: {&amp;quot;method&amp;quot;:&amp;quot;xpath&amp;quot;,&amp;quot;selector&amp;quot;:&amp;quot;(//span[text()=&amp;apos;Required&amp;apos;])[2]&amp;quot;}
  (Session info: chrome=118.0.5993.89)
For documentation on this error, please visit: https://www.selenium.dev/documentation/webdriver/troubleshooting/errors#no-such-element-exception
Build info: version: &amp;apos;4.14.0&amp;apos;, revision: &amp;apos;e5a96349ce&amp;apos;
System info: os.name: &amp;apos;Windows 11&amp;apos;, os.arch: &amp;apos;amd64&amp;apos;, os.version: &amp;apos;10.0&amp;apos;, java.version: &amp;apos;17.0.6&amp;apos;
Driver info: org.openqa.selenium.chrome.ChromeDriver
Command: [80dd673fe5414bf871d3326dc07be2ea, findElement {using=xpath, value=(//span[text()=&amp;apos;Required&amp;apos;])[2]}]
Capabilities {acceptInsecureCerts: false, browserName: chrome, browserVersion: 118.0.5993.89, chrome: {chromedriverVersion: 118.0.5993.70 (e52f33f30b91..., userDataDir: C:\Users\hp\AppData\Local\T...}, fedcm:accounts: true, goog:chromeOptions: {debuggerAddress: localhost:59075}, networkConnectionEnabled: false, pageLoadStrategy: normal, platformName: windows, proxy: Proxy(), se:cdp: ws://localhost:59075/devtoo..., se:cdpVersion: 118.0.5993.89, setWindowRect: true, strictFileInteractability: false, timeouts: {implicit: 0, pageLoad: 300000, script: 30000}, unhandledPromptBehavior: dismiss and notify, webauthn:extension:credBlob: true, webauthn:extension:largeBlob: true, webauthn:extension:minPinLength: true, webauthn:extension:prf: true, webauthn:virtualAuthenticators: true}
Session ID: 80dd673fe5414bf871d3326dc07be2ea">
      <![CDATA[org.openqa.selenium.NoSuchElementException: no such element: Unable to locate element: {"method":"xpath","selector":"(//span[text()='Required'])[2]"}
  (Session info: chrome=118.0.5993.89)
For documentation on this error, please visit: https://www.selenium.dev/documentation/webdriver/troubleshooting/errors#no-such-element-exception
Build info: version: '4.14.0', revision: 'e5a96349ce'
System info: os.name: 'Windows 11', os.arch: 'amd64', os.version: '10.0', java.version: '17.0.6'
Driver info: org.openqa.selenium.chrome.ChromeDriver
Command: [80dd673fe5414bf871d3326dc07be2ea, findElement {using=xpath, value=(//span[text()='Required'])[2]}]
Capabilities {acceptInsecureCerts: false, browserName: chrome, browserVersion: 118.0.5993.89, chrome: {chromedriverVersion: 118.0.5993.70 (e52f33f30b91..., userDataDir: C:\Users\hp\AppData\Local\T...}, fedcm:accounts: true, goog:chromeOptions: {debuggerAddress: localhost:59075}, networkConnectionEnabled: false, pageLoadStrategy: normal, platformName: windows, proxy: Proxy(), se:cdp: ws://localhost:59075/devtoo..., se:cdpVersion: 118.0.5993.89, setWindowRect: true, strictFileInteractability: false, timeouts: {implicit: 0, pageLoad: 300000, script: 30000}, unhandledPromptBehavior: dismiss and notify, webauthn:extension:credBlob: true, webauthn:extension:largeBlob: true, webauthn:extension:minPinLength: true, webauthn:extension:prf: true, webauthn:virtualAuthenticators: true}
Session ID: 80dd673fe5414bf871d3326dc07be2ea
at org.openqa.selenium.remote.codec.w3c.W3CHttpResponseCodec.createException(W3CHttpResponseCodec.java:200)
at org.openqa.selenium.remote.codec.w3c.W3CHttpResponseCodec.decode(W3CHttpResponseCodec.java:133)
at org.openqa.selenium.remote.codec.w3c.W3CHttpResponseCodec.decode(W3CHttpResponseCodec.java:52)
at org.openqa.selenium.remote.HttpCommandExecutor.execute(HttpCommandExecutor.java:191)
at org.openqa.selenium.remote.service.DriverCommandExecutor.invokeExecute(DriverCommandExecutor.java:196)
at org.openqa.selenium.remote.service.DriverCommandExecutor.execute(DriverCommandExecutor.java:171)
at org.openqa.selenium.remote.RemoteWebDriver.execute(RemoteWebDriver.java:602)
at org.openqa.selenium.remote.ElementLocation$ElementFinder$2.findElement(ElementLocation.java:165)
at org.openqa.selenium.remote.ElementLocation.findElement(ElementLocation.java:59)
at org.openqa.selenium.remote.RemoteWebDriver.findElement(RemoteWebDriver.java:359)
at org.openqa.selenium.remote.RemoteWebDriver.findElement(RemoteWebDriver.java:353)
at org.openqa.selenium.support.pagefactory.DefaultElementLocator.findElement(DefaultElementLocator.java:68)
at org.openqa.selenium.support.pagefactory.internal.LocatingElementHandler.invoke(LocatingElementHandler.java:38)
at jdk.proxy2/jdk.proxy2.$Proxy12.isDisplayed(Unknown Source)
at com.pom.LoginPage.RequiredErrorMessageforPassword(LoginPage.java:129)
at com.Tests.LoginTests.LoginWithBlanckPassword(LoginTests.java:128)
at java.base/java.util.ArrayList.forEach(ArrayList.java:1511)
... Removed 32 stack frames]]>
    </failure>
  </testcase> <!-- LoginWithBlanckPassword -->
  <testcase classname="com.Tests.LoginTests" name="LoginWithBlanckUsername" time="1.936"/>
  <testcase classname="com.Tests.LoginTests" name="LoginWithInvalidCharacterCredentials" time="2.426"/>
  <testcase classname="com.Tests.LoginTests" name="LoginWithInvalidCredentials" time="2.452"/>
  <testcase classname="com.Tests.LoginTests" name="LoginWithInvalidUsernameValidPassword" time="2.818"/>
  <testcase classname="com.Tests.LoginTests" name="LoginWithValidCredential" time="2.395"/>
  <testcase classname="com.Tests.LoginTests" name="LoginWithValidUsernameInvalidPassword" time="4.058"/>
  <testcase classname="com.Tests.LoginTests" name="ValidateForgotpasswordLink" time="1.358">
    <failure type="java.lang.AssertionError" message="expected [null] but found [https://opensource-demo.orangehrmlive.com/web/index.php/auth/requestPasswordResetCode]">
      <![CDATA[java.lang.AssertionError: expected [null] but found [https://opensource-demo.orangehrmlive.com/web/index.php/auth/requestPasswordResetCode]
at com.Tests.LoginTests.ValidateForgotpasswordLink(LoginTests.java:89)
at java.base/java.util.ArrayList.forEach(ArrayList.java:1511)
... Removed 33 stack frames]]>
    </failure>
  </testcase> <!-- ValidateForgotpasswordLink -->
  <testcase classname="com.Tests.LoginTests" name="ValidateLogo" time="1.671"/>
  <testcase classname="com.Tests.LoginTests" name="ValidateLogoBanner" time="1.551"/>
  <testcase classname="com.Tests.LoginTests" name="ValidateTitle" time="0.014"/>
  <testcase classname="com.Tests.LoginTests" name="ValidateURL" time="0.009"/>
  <testcase classname="com.Tests.HomePageTests" name="Srearch" time="16.44">
    <failure type="org.openqa.selenium.NoSuchElementException" message="no such element: Unable to locate element: {&amp;quot;method&amp;quot;:&amp;quot;xpath&amp;quot;,&amp;quot;selector&amp;quot;:&amp;quot;//input[@fdprocessedid=&amp;apos;ruwi0k&amp;apos;]&amp;quot;}
  (Session info: chrome=118.0.5993.89)
For documentation on this error, please visit: https://www.selenium.dev/documentation/webdriver/troubleshooting/errors#no-such-element-exception
Build info: version: &amp;apos;4.14.0&amp;apos;, revision: &amp;apos;e5a96349ce&amp;apos;
System info: os.name: &amp;apos;Windows 11&amp;apos;, os.arch: &amp;apos;amd64&amp;apos;, os.version: &amp;apos;10.0&amp;apos;, java.version: &amp;apos;17.0.6&amp;apos;
Driver info: org.openqa.selenium.chrome.ChromeDriver
Command: [a92c9df8387186711fd3c37ad1a3dd8f, findElement {using=xpath, value=//input[@fdprocessedid=&amp;apos;ruwi0k&amp;apos;]}]
Capabilities {acceptInsecureCerts: false, browserName: chrome, browserVersion: 118.0.5993.89, chrome: {chromedriverVersion: 118.0.5993.70 (e52f33f30b91..., userDataDir: C:\Users\hp\AppData\Local\T...}, fedcm:accounts: true, goog:chromeOptions: {debuggerAddress: localhost:59317}, networkConnectionEnabled: false, pageLoadStrategy: normal, platformName: windows, proxy: Proxy(), se:cdp: ws://localhost:59317/devtoo..., se:cdpVersion: 118.0.5993.89, setWindowRect: true, strictFileInteractability: false, timeouts: {implicit: 0, pageLoad: 300000, script: 30000}, unhandledPromptBehavior: dismiss and notify, webauthn:extension:credBlob: true, webauthn:extension:largeBlob: true, webauthn:extension:minPinLength: true, webauthn:extension:prf: true, webauthn:virtualAuthenticators: true}
Session ID: a92c9df8387186711fd3c37ad1a3dd8f">
      <![CDATA[org.openqa.selenium.NoSuchElementException: no such element: Unable to locate element: {"method":"xpath","selector":"//input[@fdprocessedid='ruwi0k']"}
  (Session info: chrome=118.0.5993.89)
For documentation on this error, please visit: https://www.selenium.dev/documentation/webdriver/troubleshooting/errors#no-such-element-exception
Build info: version: '4.14.0', revision: 'e5a96349ce'
System info: os.name: 'Windows 11', os.arch: 'amd64', os.version: '10.0', java.version: '17.0.6'
Driver info: org.openqa.selenium.chrome.ChromeDriver
Command: [a92c9df8387186711fd3c37ad1a3dd8f, findElement {using=xpath, value=//input[@fdprocessedid='ruwi0k']}]
Capabilities {acceptInsecureCerts: false, browserName: chrome, browserVersion: 118.0.5993.89, chrome: {chromedriverVersion: 118.0.5993.70 (e52f33f30b91..., userDataDir: C:\Users\hp\AppData\Local\T...}, fedcm:accounts: true, goog:chromeOptions: {debuggerAddress: localhost:59317}, networkConnectionEnabled: false, pageLoadStrategy: normal, platformName: windows, proxy: Proxy(), se:cdp: ws://localhost:59317/devtoo..., se:cdpVersion: 118.0.5993.89, setWindowRect: true, strictFileInteractability: false, timeouts: {implicit: 0, pageLoad: 300000, script: 30000}, unhandledPromptBehavior: dismiss and notify, webauthn:extension:credBlob: true, webauthn:extension:largeBlob: true, webauthn:extension:minPinLength: true, webauthn:extension:prf: true, webauthn:virtualAuthenticators: true}
Session ID: a92c9df8387186711fd3c37ad1a3dd8f
at org.openqa.selenium.remote.codec.w3c.W3CHttpResponseCodec.createException(W3CHttpResponseCodec.java:200)
at org.openqa.selenium.remote.codec.w3c.W3CHttpResponseCodec.decode(W3CHttpResponseCodec.java:133)
at org.openqa.selenium.remote.codec.w3c.W3CHttpResponseCodec.decode(W3CHttpResponseCodec.java:52)
at org.openqa.selenium.remote.HttpCommandExecutor.execute(HttpCommandExecutor.java:191)
at org.openqa.selenium.remote.service.DriverCommandExecutor.invokeExecute(DriverCommandExecutor.java:196)
at org.openqa.selenium.remote.service.DriverCommandExecutor.execute(DriverCommandExecutor.java:171)
at org.openqa.selenium.remote.RemoteWebDriver.execute(RemoteWebDriver.java:602)
at org.openqa.selenium.remote.ElementLocation$ElementFinder$2.findElement(ElementLocation.java:165)
at org.openqa.selenium.remote.ElementLocation.findElement(ElementLocation.java:59)
at org.openqa.selenium.remote.RemoteWebDriver.findElement(RemoteWebDriver.java:359)
at org.openqa.selenium.remote.RemoteWebDriver.findElement(RemoteWebDriver.java:353)
at org.openqa.selenium.support.pagefactory.DefaultElementLocator.findElement(DefaultElementLocator.java:68)
at org.openqa.selenium.support.pagefactory.internal.LocatingElementHandler.invoke(LocatingElementHandler.java:38)
at jdk.proxy2/jdk.proxy2.$Proxy12.sendKeys(Unknown Source)
at com.pom.HomePage.sea(HomePage.java:80)
at com.Tests.HomePageTests.Srearch(HomePageTests.java:81)
at java.base/java.util.ArrayList.forEach(ArrayList.java:1511)
... Removed 32 stack frames]]>
    </failure>
  </testcase> <!-- Srearch -->
  <testcase classname="com.Tests.HomePageTests" name="ValidateLeftArrow" time="1.883"/>
  <testcase classname="com.Tests.HomePageTests" name="ValidateLogo" time="1.67"/>
  <testcase classname="com.Tests.HomePageTests" name="ValidatePIM_Module" time="3.071"/>
  <testcase classname="com.Tests.PIMTests" name="ValidateConfigurationDropDown" time="0.904"/>
</testsuite> <!-- TwoClasses -->
