<?xml version="1.0" encoding="UTF-8"?>
<testng-results ignored="0" total="1" passed="1" failed="0" skipped="0">
  <reporter-output>
  </reporter-output>
  <suite started-at="2023-10-20T12:20:59 IST" name="Default suite" finished-at="2023-10-20T12:21:13 IST" duration-ms="13507">
    <groups>
    </groups>
    <test started-at="2023-10-20T12:20:59 IST" name="Default test" finished-at="2023-10-20T12:21:13 IST" duration-ms="13507">
      <class name="com.Tests.HomePageTests">
        <test-method is-config="true" signature="SetUp()[pri:0, instance:com.Tests.HomePageTests@52b1beb6]" started-at="2023-10-20T12:20:59 IST" name="SetUp" finished-at="2023-10-20T12:21:10 IST" duration-ms="10989" status="PASS">
          <reporter-output>
          </reporter-output>
        </test-method> <!-- SetUp -->
        <test-method signature="ValidateLeftArrow()[pri:0, instance:com.Tests.HomePageTests@52b1beb6]" started-at="2023-10-20T12:21:10 IST" name="ValidateLeftArrow" finished-at="2023-10-20T12:21:12 IST" duration-ms="1962" status="PASS">
          <reporter-output>
          </reporter-output>
        </test-method> <!-- ValidateLeftArrow -->
        <test-method is-config="true" signature="tearDown()[pri:0, instance:com.Tests.HomePageTests@52b1beb6]" started-at="2023-10-20T12:21:12 IST" name="tearDown" finished-at="2023-10-20T12:21:13 IST" duration-ms="480" status="PASS">
          <reporter-output>
          </reporter-output>
        </test-method> <!-- tearDown -->
      </class> <!-- com.Tests.HomePageTests -->
    </test> <!-- Default test -->
  </suite> <!-- Default suite -->
</testng-results>
