<?xml version="1.0" encoding="UTF-8"?>
<testng-results ignored="0" total="51" passed="51" failed="0" skipped="0">
  <reporter-output>
  </reporter-output>
  <suite started-at="2023-10-26T22:07:04 IST" name="OrageHRM" finished-at="2023-10-26T22:25:35 IST" duration-ms="1111068">
    <groups>
    </groups>
    <test started-at="2023-10-26T22:07:04 IST" name="Four_Modules" finished-at="2023-10-26T22:25:35 IST" duration-ms="1111068">
      <class name="com.Tests.LoginTests">
        <test-method is-config="true" signature="SetUp(java.lang.reflect.Method)[pri:0, instance:com.Tests.LoginTests@196a42c3]" started-at="2023-10-26T22:11:12 IST" name="SetUp" finished-at="2023-10-26T22:11:37 IST" duration-ms="25328" status="PASS">
          <params>
            <param index="0">
              <value>
                <![CDATA[public void com.Tests.LoginTests.LoginWithBlanckCredential()]]>
              </value>
            </param>
          </params>
          <reporter-output>
          </reporter-output>
        </test-method> <!-- SetUp -->
        <test-method signature="LoginWithBlanckCredential()[pri:0, instance:com.Tests.LoginTests@196a42c3]" started-at="2023-10-26T22:11:37 IST" name="LoginWithBlanckCredential" finished-at="2023-10-26T22:11:39 IST" duration-ms="1750" status="PASS">
          <reporter-output>
          </reporter-output>
        </test-method> <!-- LoginWithBlanckCredential -->
        <test-method is-config="true" signature="tearDown()[pri:0, instance:com.Tests.LoginTests@196a42c3]" started-at="2023-10-26T22:11:39 IST" name="tearDown" finished-at="2023-10-26T22:11:39 IST" duration-ms="243" status="PASS">
          <reporter-output>
          </reporter-output>
        </test-method> <!-- tearDown -->
        <test-method is-config="true" signature="SetUp(java.lang.reflect.Method)[pri:0, instance:com.Tests.LoginTests@196a42c3]" started-at="2023-10-26T22:11:39 IST" name="SetUp" finished-at="2023-10-26T22:12:01 IST" duration-ms="22224" status="PASS">
          <params>
            <param index="0">
              <value>
                <![CDATA[public void com.Tests.LoginTests.LoginWithBlanckUsername()]]>
              </value>
            </param>
          </params>
          <reporter-output>
          </reporter-output>
        </test-method> <!-- SetUp -->
        <test-method signature="LoginWithBlanckUsername()[pri:0, instance:com.Tests.LoginTests@196a42c3]" started-at="2023-10-26T22:12:01 IST" name="LoginWithBlanckUsername" finished-at="2023-10-26T22:12:03 IST" duration-ms="1762" status="PASS">
          <reporter-output>
          </reporter-output>
        </test-method> <!-- LoginWithBlanckUsername -->
        <test-method is-config="true" signature="tearDown()[pri:0, instance:com.Tests.LoginTests@196a42c3]" started-at="2023-10-26T22:12:03 IST" name="tearDown" finished-at="2023-10-26T22:12:04 IST" duration-ms="258" status="PASS">
          <reporter-output>
          </reporter-output>
        </test-method> <!-- tearDown -->
        <test-method is-config="true" signature="SetUp(java.lang.reflect.Method)[pri:0, instance:com.Tests.LoginTests@196a42c3]" started-at="2023-10-26T22:12:04 IST" name="SetUp" finished-at="2023-10-26T22:12:24 IST" duration-ms="20900" status="PASS">
          <params>
            <param index="0">
              <value>
                <![CDATA[public void com.Tests.LoginTests.LoginWithBlankPassword()]]>
              </value>
            </param>
          </params>
          <reporter-output>
          </reporter-output>
        </test-method> <!-- SetUp -->
        <test-method signature="LoginWithBlankPassword()[pri:0, instance:com.Tests.LoginTests@196a42c3]" started-at="2023-10-26T22:12:24 IST" name="LoginWithBlankPassword" finished-at="2023-10-26T22:12:27 IST" duration-ms="2745" status="PASS">
          <reporter-output>
          </reporter-output>
        </test-method> <!-- LoginWithBlankPassword -->
        <test-method is-config="true" signature="tearDown()[pri:0, instance:com.Tests.LoginTests@196a42c3]" started-at="2023-10-26T22:12:27 IST" name="tearDown" finished-at="2023-10-26T22:12:28 IST" duration-ms="260" status="PASS">
          <reporter-output>
          </reporter-output>
        </test-method> <!-- tearDown -->
        <test-method is-config="true" signature="SetUp(java.lang.reflect.Method)[pri:0, instance:com.Tests.LoginTests@196a42c3]" started-at="2023-10-26T22:12:28 IST" name="SetUp" finished-at="2023-10-26T22:12:55 IST" duration-ms="27210" status="PASS">
          <params>
            <param index="0">
              <value>
                <![CDATA[public void com.Tests.LoginTests.LoginWithInvalidCharacterCredentials()]]>
              </value>
            </param>
          </params>
          <reporter-output>
          </reporter-output>
        </test-method> <!-- SetUp -->
        <test-method signature="LoginWithInvalidCharacterCredentials()[pri:0, instance:com.Tests.LoginTests@196a42c3]" started-at="2023-10-26T22:12:55 IST" name="LoginWithInvalidCharacterCredentials" finished-at="2023-10-26T22:12:59 IST" duration-ms="4150" status="PASS">
          <reporter-output>
          </reporter-output>
        </test-method> <!-- LoginWithInvalidCharacterCredentials -->
        <test-method is-config="true" signature="tearDown()[pri:0, instance:com.Tests.LoginTests@196a42c3]" started-at="2023-10-26T22:12:59 IST" name="tearDown" finished-at="2023-10-26T22:12:59 IST" duration-ms="253" status="PASS">
          <reporter-output>
          </reporter-output>
        </test-method> <!-- tearDown -->
        <test-method is-config="true" signature="SetUp(java.lang.reflect.Method)[pri:0, instance:com.Tests.LoginTests@196a42c3]" started-at="2023-10-26T22:12:59 IST" name="SetUp" finished-at="2023-10-26T22:13:15 IST" duration-ms="15404" status="PASS">
          <params>
            <param index="0">
              <value>
                <![CDATA[public void com.Tests.LoginTests.LoginWithInvalidCredentials()]]>
              </value>
            </param>
          </params>
          <reporter-output>
          </reporter-output>
        </test-method> <!-- SetUp -->
        <test-method signature="LoginWithInvalidCredentials()[pri:0, instance:com.Tests.LoginTests@196a42c3]" started-at="2023-10-26T22:13:15 IST" name="LoginWithInvalidCredentials" finished-at="2023-10-26T22:13:18 IST" duration-ms="3080" status="PASS">
          <reporter-output>
          </reporter-output>
        </test-method> <!-- LoginWithInvalidCredentials -->
        <test-method is-config="true" signature="tearDown()[pri:0, instance:com.Tests.LoginTests@196a42c3]" started-at="2023-10-26T22:13:18 IST" name="tearDown" finished-at="2023-10-26T22:13:18 IST" duration-ms="288" status="PASS">
          <reporter-output>
          </reporter-output>
        </test-method> <!-- tearDown -->
        <test-method is-config="true" signature="SetUp(java.lang.reflect.Method)[pri:0, instance:com.Tests.LoginTests@196a42c3]" started-at="2023-10-26T22:13:18 IST" name="SetUp" finished-at="2023-10-26T22:13:35 IST" duration-ms="17082" status="PASS">
          <params>
            <param index="0">
              <value>
                <![CDATA[public void com.Tests.LoginTests.LoginWithInvalidUsernameValidPassword()]]>
              </value>
            </param>
          </params>
          <reporter-output>
          </reporter-output>
        </test-method> <!-- SetUp -->
        <test-method signature="LoginWithInvalidUsernameValidPassword()[pri:0, instance:com.Tests.LoginTests@196a42c3]" started-at="2023-10-26T22:13:35 IST" name="LoginWithInvalidUsernameValidPassword" finished-at="2023-10-26T22:13:39 IST" duration-ms="3932" status="PASS">
          <reporter-output>
          </reporter-output>
        </test-method> <!-- LoginWithInvalidUsernameValidPassword -->
        <test-method is-config="true" signature="tearDown()[pri:0, instance:com.Tests.LoginTests@196a42c3]" started-at="2023-10-26T22:13:40 IST" name="tearDown" finished-at="2023-10-26T22:13:40 IST" duration-ms="237" status="PASS">
          <reporter-output>
          </reporter-output>
        </test-method> <!-- tearDown -->
        <test-method is-config="true" signature="SetUp(java.lang.reflect.Method)[pri:0, instance:com.Tests.LoginTests@196a42c3]" started-at="2023-10-26T22:13:40 IST" name="SetUp" finished-at="2023-10-26T22:14:01 IST" duration-ms="20807" status="PASS">
          <params>
            <param index="0">
              <value>
                <![CDATA[public void com.Tests.LoginTests.LoginWithValidCredential()]]>
              </value>
            </param>
          </params>
          <reporter-output>
          </reporter-output>
        </test-method> <!-- SetUp -->
        <test-method signature="LoginWithValidCredential()[pri:0, instance:com.Tests.LoginTests@196a42c3]" started-at="2023-10-26T22:14:01 IST" name="LoginWithValidCredential" finished-at="2023-10-26T22:14:04 IST" duration-ms="2920" status="PASS">
          <reporter-output>
          </reporter-output>
        </test-method> <!-- LoginWithValidCredential -->
        <test-method is-config="true" signature="tearDown()[pri:0, instance:com.Tests.LoginTests@196a42c3]" started-at="2023-10-26T22:14:04 IST" name="tearDown" finished-at="2023-10-26T22:14:04 IST" duration-ms="303" status="PASS">
          <reporter-output>
          </reporter-output>
        </test-method> <!-- tearDown -->
        <test-method is-config="true" signature="SetUp(java.lang.reflect.Method)[pri:0, instance:com.Tests.LoginTests@196a42c3]" started-at="2023-10-26T22:14:04 IST" name="SetUp" finished-at="2023-10-26T22:14:21 IST" duration-ms="17183" status="PASS">
          <params>
            <param index="0">
              <value>
                <![CDATA[public void com.Tests.LoginTests.LoginWithValidUsernameInvalidPassword()]]>
              </value>
            </param>
          </params>
          <reporter-output>
          </reporter-output>
        </test-method> <!-- SetUp -->
        <test-method signature="LoginWithValidUsernameInvalidPassword()[pri:0, instance:com.Tests.LoginTests@196a42c3]" started-at="2023-10-26T22:14:21 IST" name="LoginWithValidUsernameInvalidPassword" finished-at="2023-10-26T22:14:25 IST" duration-ms="3379" status="PASS">
          <reporter-output>
          </reporter-output>
        </test-method> <!-- LoginWithValidUsernameInvalidPassword -->
        <test-method is-config="true" signature="tearDown()[pri:0, instance:com.Tests.LoginTests@196a42c3]" started-at="2023-10-26T22:14:25 IST" name="tearDown" finished-at="2023-10-26T22:14:25 IST" duration-ms="277" status="PASS">
          <reporter-output>
          </reporter-output>
        </test-method> <!-- tearDown -->
        <test-method is-config="true" signature="SetUp(java.lang.reflect.Method)[pri:0, instance:com.Tests.LoginTests@196a42c3]" started-at="2023-10-26T22:14:25 IST" name="SetUp" finished-at="2023-10-26T22:14:44 IST" duration-ms="19328" status="PASS">
          <params>
            <param index="0">
              <value>
                <![CDATA[public void com.Tests.LoginTests.ValidateCopyRightText()]]>
              </value>
            </param>
          </params>
          <reporter-output>
          </reporter-output>
        </test-method> <!-- SetUp -->
        <test-method signature="ValidateCopyRightText()[pri:0, instance:com.Tests.LoginTests@196a42c3]" started-at="2023-10-26T22:14:44 IST" name="ValidateCopyRightText" finished-at="2023-10-26T22:14:46 IST" duration-ms="1464" status="PASS">
          <reporter-output>
          </reporter-output>
        </test-method> <!-- ValidateCopyRightText -->
        <test-method is-config="true" signature="tearDown()[pri:0, instance:com.Tests.LoginTests@196a42c3]" started-at="2023-10-26T22:14:46 IST" name="tearDown" finished-at="2023-10-26T22:14:46 IST" duration-ms="246" status="PASS">
          <reporter-output>
          </reporter-output>
        </test-method> <!-- tearDown -->
        <test-method is-config="true" signature="SetUp(java.lang.reflect.Method)[pri:0, instance:com.Tests.LoginTests@196a42c3]" started-at="2023-10-26T22:14:46 IST" name="SetUp" finished-at="2023-10-26T22:15:07 IST" duration-ms="20457" status="PASS">
          <params>
            <param index="0">
              <value>
                <![CDATA[public void com.Tests.LoginTests.ValidateFacebookLinkIcon()]]>
              </value>
            </param>
          </params>
          <reporter-output>
          </reporter-output>
        </test-method> <!-- SetUp -->
        <test-method signature="ValidateFacebookLinkIcon()[pri:0, instance:com.Tests.LoginTests@196a42c3]" started-at="2023-10-26T22:15:07 IST" name="ValidateFacebookLinkIcon" finished-at="2023-10-26T22:15:10 IST" duration-ms="2792" status="PASS">
          <reporter-output>
          </reporter-output>
        </test-method> <!-- ValidateFacebookLinkIcon -->
        <test-method is-config="true" signature="tearDown()[pri:0, instance:com.Tests.LoginTests@196a42c3]" started-at="2023-10-26T22:15:11 IST" name="tearDown" finished-at="2023-10-26T22:15:11 IST" duration-ms="317" status="PASS">
          <reporter-output>
          </reporter-output>
        </test-method> <!-- tearDown -->
        <test-method is-config="true" signature="SetUp(java.lang.reflect.Method)[pri:0, instance:com.Tests.LoginTests@196a42c3]" started-at="2023-10-26T22:15:11 IST" name="SetUp" finished-at="2023-10-26T22:15:39 IST" duration-ms="28510" status="PASS">
          <params>
            <param index="0">
              <value>
                <![CDATA[public void com.Tests.LoginTests.ValidateForgotpasswordLink()]]>
              </value>
            </param>
          </params>
          <reporter-output>
          </reporter-output>
        </test-method> <!-- SetUp -->
        <test-method signature="ValidateForgotpasswordLink()[pri:0, instance:com.Tests.LoginTests@196a42c3]" started-at="2023-10-26T22:15:39 IST" name="ValidateForgotpasswordLink" finished-at="2023-10-26T22:15:42 IST" duration-ms="2633" status="PASS">
          <reporter-output>
          </reporter-output>
        </test-method> <!-- ValidateForgotpasswordLink -->
        <test-method is-config="true" signature="tearDown()[pri:0, instance:com.Tests.LoginTests@196a42c3]" started-at="2023-10-26T22:15:42 IST" name="tearDown" finished-at="2023-10-26T22:15:43 IST" duration-ms="243" status="PASS">
          <reporter-output>
          </reporter-output>
        </test-method> <!-- tearDown -->
        <test-method is-config="true" signature="SetUp(java.lang.reflect.Method)[pri:0, instance:com.Tests.LoginTests@196a42c3]" started-at="2023-10-26T22:15:43 IST" name="SetUp" finished-at="2023-10-26T22:15:57 IST" duration-ms="14457" status="PASS">
          <params>
            <param index="0">
              <value>
                <![CDATA[public void com.Tests.LoginTests.ValidateLinkdnLinkIcon()]]>
              </value>
            </param>
          </params>
          <reporter-output>
          </reporter-output>
        </test-method> <!-- SetUp -->
        <test-method signature="ValidateLinkdnLinkIcon()[pri:0, instance:com.Tests.LoginTests@196a42c3]" started-at="2023-10-26T22:15:57 IST" name="ValidateLinkdnLinkIcon" finished-at="2023-10-26T22:16:00 IST" duration-ms="3025" status="PASS">
          <reporter-output>
          </reporter-output>
        </test-method> <!-- ValidateLinkdnLinkIcon -->
        <test-method is-config="true" signature="tearDown()[pri:0, instance:com.Tests.LoginTests@196a42c3]" started-at="2023-10-26T22:16:00 IST" name="tearDown" finished-at="2023-10-26T22:16:01 IST" duration-ms="306" status="PASS">
          <reporter-output>
          </reporter-output>
        </test-method> <!-- tearDown -->
        <test-method is-config="true" signature="SetUp(java.lang.reflect.Method)[pri:0, instance:com.Tests.LoginTests@196a42c3]" started-at="2023-10-26T22:16:01 IST" name="SetUp" finished-at="2023-10-26T22:16:15 IST" duration-ms="14239" status="PASS">
          <params>
            <param index="0">
              <value>
                <![CDATA[public void com.Tests.LoginTests.ValidateLogo()]]>
              </value>
            </param>
          </params>
          <reporter-output>
          </reporter-output>
        </test-method> <!-- SetUp -->
        <test-method signature="ValidateLogo()[pri:0, instance:com.Tests.LoginTests@196a42c3]" started-at="2023-10-26T22:16:15 IST" name="ValidateLogo" finished-at="2023-10-26T22:16:17 IST" duration-ms="2298" status="PASS">
          <reporter-output>
          </reporter-output>
        </test-method> <!-- ValidateLogo -->
        <test-method is-config="true" signature="tearDown()[pri:0, instance:com.Tests.LoginTests@196a42c3]" started-at="2023-10-26T22:16:17 IST" name="tearDown" finished-at="2023-10-26T22:16:18 IST" duration-ms="296" status="PASS">
          <reporter-output>
          </reporter-output>
        </test-method> <!-- tearDown -->
        <test-method is-config="true" signature="SetUp(java.lang.reflect.Method)[pri:0, instance:com.Tests.LoginTests@196a42c3]" started-at="2023-10-26T22:16:18 IST" name="SetUp" finished-at="2023-10-26T22:16:38 IST" duration-ms="20197" status="PASS">
          <params>
            <param index="0">
              <value>
                <![CDATA[public void com.Tests.LoginTests.ValidateLogoBanner()]]>
              </value>
            </param>
          </params>
          <reporter-output>
          </reporter-output>
        </test-method> <!-- SetUp -->
        <test-method signature="ValidateLogoBanner()[pri:0, instance:com.Tests.LoginTests@196a42c3]" started-at="2023-10-26T22:16:38 IST" name="ValidateLogoBanner" finished-at="2023-10-26T22:16:40 IST" duration-ms="1979" status="PASS">
          <reporter-output>
          </reporter-output>
        </test-method> <!-- ValidateLogoBanner -->
        <test-method is-config="true" signature="tearDown()[pri:0, instance:com.Tests.LoginTests@196a42c3]" started-at="2023-10-26T22:16:40 IST" name="tearDown" finished-at="2023-10-26T22:16:40 IST" duration-ms="256" status="PASS">
          <reporter-output>
          </reporter-output>
        </test-method> <!-- tearDown -->
        <test-method is-config="true" signature="SetUp(java.lang.reflect.Method)[pri:0, instance:com.Tests.LoginTests@196a42c3]" started-at="2023-10-26T22:16:40 IST" name="SetUp" finished-at="2023-10-26T22:17:04 IST" duration-ms="23169" status="PASS">
          <params>
            <param index="0">
              <value>
                <![CDATA[public void com.Tests.LoginTests.ValidateTitle()]]>
              </value>
            </param>
          </params>
          <reporter-output>
          </reporter-output>
        </test-method> <!-- SetUp -->
        <test-method signature="ValidateTitle()[pri:0, instance:com.Tests.LoginTests@196a42c3]" started-at="2023-10-26T22:17:04 IST" name="ValidateTitle" finished-at="2023-10-26T22:17:04 IST" duration-ms="12" status="PASS">
          <reporter-output>
          </reporter-output>
        </test-method> <!-- ValidateTitle -->
        <test-method is-config="true" signature="tearDown()[pri:0, instance:com.Tests.LoginTests@196a42c3]" started-at="2023-10-26T22:17:04 IST" name="tearDown" finished-at="2023-10-26T22:17:04 IST" duration-ms="250" status="PASS">
          <reporter-output>
          </reporter-output>
        </test-method> <!-- tearDown -->
        <test-method is-config="true" signature="SetUp(java.lang.reflect.Method)[pri:0, instance:com.Tests.LoginTests@196a42c3]" started-at="2023-10-26T22:17:04 IST" name="SetUp" finished-at="2023-10-26T22:17:19 IST" duration-ms="14944" status="PASS">
          <params>
            <param index="0">
              <value>
                <![CDATA[public void com.Tests.LoginTests.ValidateTwitterLinkIcon()]]>
              </value>
            </param>
          </params>
          <reporter-output>
          </reporter-output>
        </test-method> <!-- SetUp -->
        <test-method signature="ValidateTwitterLinkIcon()[pri:0, instance:com.Tests.LoginTests@196a42c3]" started-at="2023-10-26T22:17:19 IST" name="ValidateTwitterLinkIcon" finished-at="2023-10-26T22:17:23 IST" duration-ms="4541" status="PASS">
          <reporter-output>
          </reporter-output>
        </test-method> <!-- ValidateTwitterLinkIcon -->
        <test-method is-config="true" signature="tearDown()[pri:0, instance:com.Tests.LoginTests@196a42c3]" started-at="2023-10-26T22:17:24 IST" name="tearDown" finished-at="2023-10-26T22:17:25 IST" duration-ms="385" status="PASS">
          <reporter-output>
          </reporter-output>
        </test-method> <!-- tearDown -->
        <test-method is-config="true" signature="SetUp(java.lang.reflect.Method)[pri:0, instance:com.Tests.LoginTests@196a42c3]" started-at="2023-10-26T22:17:25 IST" name="SetUp" finished-at="2023-10-26T22:17:44 IST" duration-ms="19037" status="PASS">
          <params>
            <param index="0">
              <value>
                <![CDATA[public void com.Tests.LoginTests.ValidateURL()]]>
              </value>
            </param>
          </params>
          <reporter-output>
          </reporter-output>
        </test-method> <!-- SetUp -->
        <test-method signature="ValidateURL()[pri:0, instance:com.Tests.LoginTests@196a42c3]" started-at="2023-10-26T22:17:44 IST" name="ValidateURL" finished-at="2023-10-26T22:17:44 IST" duration-ms="9" status="PASS">
          <reporter-output>
          </reporter-output>
        </test-method> <!-- ValidateURL -->
        <test-method is-config="true" signature="tearDown()[pri:0, instance:com.Tests.LoginTests@196a42c3]" started-at="2023-10-26T22:17:44 IST" name="tearDown" finished-at="2023-10-26T22:17:44 IST" duration-ms="257" status="PASS">
          <reporter-output>
          </reporter-output>
        </test-method> <!-- tearDown -->
        <test-method is-config="true" signature="SetUp(java.lang.reflect.Method)[pri:0, instance:com.Tests.LoginTests@196a42c3]" started-at="2023-10-26T22:17:44 IST" name="SetUp" finished-at="2023-10-26T22:17:57 IST" duration-ms="13470" status="PASS">
          <params>
            <param index="0">
              <value>
                <![CDATA[public void com.Tests.LoginTests.ValidateWebApplicationVersionText()]]>
              </value>
            </param>
          </params>
          <reporter-output>
          </reporter-output>
        </test-method> <!-- SetUp -->
        <test-method signature="ValidateWebApplicationVersionText()[pri:0, instance:com.Tests.LoginTests@196a42c3]" started-at="2023-10-26T22:17:57 IST" name="ValidateWebApplicationVersionText" finished-at="2023-10-26T22:17:59 IST" duration-ms="1032" status="PASS">
          <reporter-output>
          </reporter-output>
        </test-method> <!-- ValidateWebApplicationVersionText -->
        <test-method is-config="true" signature="tearDown()[pri:0, instance:com.Tests.LoginTests@196a42c3]" started-at="2023-10-26T22:17:59 IST" name="tearDown" finished-at="2023-10-26T22:17:59 IST" duration-ms="239" status="PASS">
          <reporter-output>
          </reporter-output>
        </test-method> <!-- tearDown -->
        <test-method is-config="true" signature="SetUp(java.lang.reflect.Method)[pri:0, instance:com.Tests.LoginTests@196a42c3]" started-at="2023-10-26T22:17:59 IST" name="SetUp" finished-at="2023-10-26T22:18:16 IST" duration-ms="16892" status="PASS">
          <params>
            <param index="0">
              <value>
                <![CDATA[public void com.Tests.LoginTests.ValidateYouTubeLinkIcon()]]>
              </value>
            </param>
          </params>
          <reporter-output>
          </reporter-output>
        </test-method> <!-- SetUp -->
        <test-method signature="ValidateYouTubeLinkIcon()[pri:0, instance:com.Tests.LoginTests@196a42c3]" started-at="2023-10-26T22:18:16 IST" name="ValidateYouTubeLinkIcon" finished-at="2023-10-26T22:18:21 IST" duration-ms="4545" status="PASS">
          <reporter-output>
          </reporter-output>
        </test-method> <!-- ValidateYouTubeLinkIcon -->
        <test-method is-config="true" signature="tearDown()[pri:0, instance:com.Tests.LoginTests@196a42c3]" started-at="2023-10-26T22:18:21 IST" name="tearDown" finished-at="2023-10-26T22:18:21 IST" duration-ms="371" status="PASS">
          <reporter-output>
          </reporter-output>
        </test-method> <!-- tearDown -->
      </class> <!-- com.Tests.LoginTests -->
      <class name="com.Tests.ForgotPasswordPageTests">
        <test-method is-config="true" signature="SetUp(java.lang.reflect.Method)[pri:0, instance:com.Tests.ForgotPasswordPageTests@54c5a2ff]" started-at="2023-10-26T22:07:04 IST" name="SetUp" finished-at="2023-10-26T22:07:26 IST" duration-ms="22106" status="PASS">
          <params>
            <param index="0">
              <value>
                <![CDATA[public void com.Tests.ForgotPasswordPageTests.ValidateCancelButton()]]>
              </value>
            </param>
          </params>
          <reporter-output>
          </reporter-output>
        </test-method> <!-- SetUp -->
        <test-method signature="ValidateCancelButton()[pri:0, instance:com.Tests.ForgotPasswordPageTests@54c5a2ff]" started-at="2023-10-26T22:07:26 IST" name="ValidateCancelButton" finished-at="2023-10-26T22:07:27 IST" duration-ms="1144" status="PASS">
          <reporter-output>
          </reporter-output>
        </test-method> <!-- ValidateCancelButton -->
        <test-method is-config="true" signature="tearDown()[pri:0, instance:com.Tests.ForgotPasswordPageTests@54c5a2ff]" started-at="2023-10-26T22:07:27 IST" name="tearDown" finished-at="2023-10-26T22:07:28 IST" duration-ms="290" status="PASS">
          <reporter-output>
          </reporter-output>
        </test-method> <!-- tearDown -->
        <test-method is-config="true" signature="SetUp(java.lang.reflect.Method)[pri:0, instance:com.Tests.ForgotPasswordPageTests@54c5a2ff]" started-at="2023-10-26T22:07:28 IST" name="SetUp" finished-at="2023-10-26T22:07:51 IST" duration-ms="23113" status="PASS">
          <params>
            <param index="0">
              <value>
                <![CDATA[public void com.Tests.ForgotPasswordPageTests.ValidateForgotPasswordURL()]]>
              </value>
            </param>
          </params>
          <reporter-output>
          </reporter-output>
        </test-method> <!-- SetUp -->
        <test-method signature="ValidateForgotPasswordURL()[pri:0, instance:com.Tests.ForgotPasswordPageTests@54c5a2ff]" started-at="2023-10-26T22:07:51 IST" name="ValidateForgotPasswordURL" finished-at="2023-10-26T22:07:51 IST" duration-ms="16" status="PASS">
          <reporter-output>
          </reporter-output>
        </test-method> <!-- ValidateForgotPasswordURL -->
        <test-method is-config="true" signature="tearDown()[pri:0, instance:com.Tests.ForgotPasswordPageTests@54c5a2ff]" started-at="2023-10-26T22:07:51 IST" name="tearDown" finished-at="2023-10-26T22:07:51 IST" duration-ms="266" status="PASS">
          <reporter-output>
          </reporter-output>
        </test-method> <!-- tearDown -->
        <test-method is-config="true" signature="SetUp(java.lang.reflect.Method)[pri:0, instance:com.Tests.ForgotPasswordPageTests@54c5a2ff]" started-at="2023-10-26T22:07:51 IST" name="SetUp" finished-at="2023-10-26T22:08:10 IST" duration-ms="18713" status="PASS">
          <params>
            <param index="0">
              <value>
                <![CDATA[public void com.Tests.ForgotPasswordPageTests.ValidateResetPasswordButton()]]>
              </value>
            </param>
          </params>
          <reporter-output>
          </reporter-output>
        </test-method> <!-- SetUp -->
        <test-method signature="ValidateResetPasswordButton()[pri:0, instance:com.Tests.ForgotPasswordPageTests@54c5a2ff]" started-at="2023-10-26T22:08:10 IST" name="ValidateResetPasswordButton" finished-at="2023-10-26T22:08:10 IST" duration-ms="426" status="PASS">
          <reporter-output>
          </reporter-output>
        </test-method> <!-- ValidateResetPasswordButton -->
        <test-method is-config="true" signature="tearDown()[pri:0, instance:com.Tests.ForgotPasswordPageTests@54c5a2ff]" started-at="2023-10-26T22:08:11 IST" name="tearDown" finished-at="2023-10-26T22:08:11 IST" duration-ms="278" status="PASS">
          <reporter-output>
          </reporter-output>
        </test-method> <!-- tearDown -->
        <test-method is-config="true" signature="SetUp(java.lang.reflect.Method)[pri:0, instance:com.Tests.ForgotPasswordPageTests@54c5a2ff]" started-at="2023-10-26T22:08:11 IST" name="SetUp" finished-at="2023-10-26T22:08:33 IST" duration-ms="22466" status="PASS">
          <params>
            <param index="0">
              <value>
                <![CDATA[public void com.Tests.ForgotPasswordPageTests.ValidateResetPasswordWithBlankCredential()]]>
              </value>
            </param>
          </params>
          <reporter-output>
          </reporter-output>
        </test-method> <!-- SetUp -->
        <test-method signature="ValidateResetPasswordWithBlankCredential()[pri:0, instance:com.Tests.ForgotPasswordPageTests@54c5a2ff]" started-at="2023-10-26T22:08:33 IST" name="ValidateResetPasswordWithBlankCredential" finished-at="2023-10-26T22:08:35 IST" duration-ms="1095" status="PASS">
          <reporter-output>
          </reporter-output>
        </test-method> <!-- ValidateResetPasswordWithBlankCredential -->
        <test-method is-config="true" signature="tearDown()[pri:0, instance:com.Tests.ForgotPasswordPageTests@54c5a2ff]" started-at="2023-10-26T22:08:35 IST" name="tearDown" finished-at="2023-10-26T22:08:35 IST" duration-ms="306" status="PASS">
          <reporter-output>
          </reporter-output>
        </test-method> <!-- tearDown -->
        <test-method is-config="true" signature="SetUp(java.lang.reflect.Method)[pri:0, instance:com.Tests.ForgotPasswordPageTests@54c5a2ff]" started-at="2023-10-26T22:08:35 IST" name="SetUp" finished-at="2023-10-26T22:08:54 IST" duration-ms="18673" status="PASS">
          <params>
            <param index="0">
              <value>
                <![CDATA[public void com.Tests.ForgotPasswordPageTests.ValidateResetPasswordWithInvalidCharacterCredential()]]>
              </value>
            </param>
          </params>
          <reporter-output>
          </reporter-output>
        </test-method> <!-- SetUp -->
        <test-method signature="ValidateResetPasswordWithInvalidCharacterCredential()[pri:0, instance:com.Tests.ForgotPasswordPageTests@54c5a2ff]" started-at="2023-10-26T22:08:54 IST" name="ValidateResetPasswordWithInvalidCharacterCredential" finished-at="2023-10-26T22:08:56 IST" duration-ms="2227" status="PASS">
          <reporter-output>
          </reporter-output>
        </test-method> <!-- ValidateResetPasswordWithInvalidCharacterCredential -->
        <test-method is-config="true" signature="tearDown()[pri:0, instance:com.Tests.ForgotPasswordPageTests@54c5a2ff]" started-at="2023-10-26T22:08:56 IST" name="tearDown" finished-at="2023-10-26T22:08:56 IST" duration-ms="306" status="PASS">
          <reporter-output>
          </reporter-output>
        </test-method> <!-- tearDown -->
        <test-method is-config="true" signature="SetUp(java.lang.reflect.Method)[pri:0, instance:com.Tests.ForgotPasswordPageTests@54c5a2ff]" started-at="2023-10-26T22:08:56 IST" name="SetUp" finished-at="2023-10-26T22:09:20 IST" duration-ms="23943" status="PASS">
          <params>
            <param index="0">
              <value>
                <![CDATA[public void com.Tests.ForgotPasswordPageTests.ValidateResetPasswordWithInvalidCredential()]]>
              </value>
            </param>
          </params>
          <reporter-output>
          </reporter-output>
        </test-method> <!-- SetUp -->
        <test-method signature="ValidateResetPasswordWithInvalidCredential()[pri:0, instance:com.Tests.ForgotPasswordPageTests@54c5a2ff]" started-at="2023-10-26T22:09:20 IST" name="ValidateResetPasswordWithInvalidCredential" finished-at="2023-10-26T22:09:22 IST" duration-ms="2132" status="PASS">
          <reporter-output>
          </reporter-output>
        </test-method> <!-- ValidateResetPasswordWithInvalidCredential -->
        <test-method is-config="true" signature="tearDown()[pri:0, instance:com.Tests.ForgotPasswordPageTests@54c5a2ff]" started-at="2023-10-26T22:09:23 IST" name="tearDown" finished-at="2023-10-26T22:09:23 IST" duration-ms="280" status="PASS">
          <reporter-output>
          </reporter-output>
        </test-method> <!-- tearDown -->
        <test-method is-config="true" signature="SetUp(java.lang.reflect.Method)[pri:0, instance:com.Tests.ForgotPasswordPageTests@54c5a2ff]" started-at="2023-10-26T22:09:23 IST" name="SetUp" finished-at="2023-10-26T22:09:44 IST" duration-ms="20720" status="PASS">
          <params>
            <param index="0">
              <value>
                <![CDATA[public void com.Tests.ForgotPasswordPageTests.ValidateResetPasswordWithValidEmail()]]>
              </value>
            </param>
          </params>
          <reporter-output>
          </reporter-output>
        </test-method> <!-- SetUp -->
        <test-method signature="ValidateResetPasswordWithValidEmail()[pri:0, instance:com.Tests.ForgotPasswordPageTests@54c5a2ff]" started-at="2023-10-26T22:09:44 IST" name="ValidateResetPasswordWithValidEmail" finished-at="2023-10-26T22:09:46 IST" duration-ms="2010" status="PASS">
          <reporter-output>
          </reporter-output>
        </test-method> <!-- ValidateResetPasswordWithValidEmail -->
        <test-method is-config="true" signature="tearDown()[pri:0, instance:com.Tests.ForgotPasswordPageTests@54c5a2ff]" started-at="2023-10-26T22:09:46 IST" name="tearDown" finished-at="2023-10-26T22:09:46 IST" duration-ms="246" status="PASS">
          <reporter-output>
          </reporter-output>
        </test-method> <!-- tearDown -->
      </class> <!-- com.Tests.ForgotPasswordPageTests -->
      <class name="com.Tests.HomePageTests">
        <test-method is-config="true" signature="SetUp(java.lang.reflect.Method)[pri:0, instance:com.Tests.HomePageTests@4c60d6e9]" started-at="2023-10-26T22:18:21 IST" name="SetUp" finished-at="2023-10-26T22:18:42 IST" duration-ms="21082" status="PASS">
          <params>
            <param index="0">
              <value>
                <![CDATA[public void com.Tests.HomePageTests.ValidateAdmin_Module()]]>
              </value>
            </param>
          </params>
          <reporter-output>
          </reporter-output>
        </test-method> <!-- SetUp -->
        <test-method signature="ValidateAdmin_Module()[pri:0, instance:com.Tests.HomePageTests@4c60d6e9]" started-at="2023-10-26T22:18:42 IST" name="ValidateAdmin_Module" finished-at="2023-10-26T22:18:45 IST" duration-ms="2717" status="PASS">
          <reporter-output>
          </reporter-output>
        </test-method> <!-- ValidateAdmin_Module -->
        <test-method is-config="true" signature="tearDown()[pri:0, instance:com.Tests.HomePageTests@4c60d6e9]" started-at="2023-10-26T22:18:45 IST" name="tearDown" finished-at="2023-10-26T22:18:46 IST" duration-ms="243" status="PASS">
          <reporter-output>
          </reporter-output>
        </test-method> <!-- tearDown -->
        <test-method is-config="true" signature="SetUp(java.lang.reflect.Method)[pri:0, instance:com.Tests.HomePageTests@4c60d6e9]" started-at="2023-10-26T22:18:46 IST" name="SetUp" finished-at="2023-10-26T22:19:09 IST" duration-ms="23407" status="PASS">
          <params>
            <param index="0">
              <value>
                <![CDATA[public void com.Tests.HomePageTests.ValidateBuzz_Module()]]>
              </value>
            </param>
          </params>
          <reporter-output>
          </reporter-output>
        </test-method> <!-- SetUp -->
        <test-method signature="ValidateBuzz_Module()[pri:0, instance:com.Tests.HomePageTests@4c60d6e9]" started-at="2023-10-26T22:19:09 IST" name="ValidateBuzz_Module" finished-at="2023-10-26T22:19:10 IST" duration-ms="1180" status="PASS">
          <reporter-output>
          </reporter-output>
        </test-method> <!-- ValidateBuzz_Module -->
        <test-method is-config="true" signature="tearDown()[pri:0, instance:com.Tests.HomePageTests@4c60d6e9]" started-at="2023-10-26T22:19:10 IST" name="tearDown" finished-at="2023-10-26T22:19:11 IST" duration-ms="251" status="PASS">
          <reporter-output>
          </reporter-output>
        </test-method> <!-- tearDown -->
        <test-method is-config="true" signature="SetUp(java.lang.reflect.Method)[pri:0, instance:com.Tests.HomePageTests@4c60d6e9]" started-at="2023-10-26T22:19:11 IST" name="SetUp" finished-at="2023-10-26T22:19:29 IST" duration-ms="18818" status="PASS">
          <params>
            <param index="0">
              <value>
                <![CDATA[public void com.Tests.HomePageTests.ValidateClaim_Module()]]>
              </value>
            </param>
          </params>
          <reporter-output>
          </reporter-output>
        </test-method> <!-- SetUp -->
        <test-method signature="ValidateClaim_Module()[pri:0, instance:com.Tests.HomePageTests@4c60d6e9]" started-at="2023-10-26T22:19:29 IST" name="ValidateClaim_Module" finished-at="2023-10-26T22:19:32 IST" duration-ms="2913" status="PASS">
          <reporter-output>
          </reporter-output>
        </test-method> <!-- ValidateClaim_Module -->
        <test-method is-config="true" signature="tearDown()[pri:0, instance:com.Tests.HomePageTests@4c60d6e9]" started-at="2023-10-26T22:19:32 IST" name="tearDown" finished-at="2023-10-26T22:19:33 IST" duration-ms="239" status="PASS">
          <reporter-output>
          </reporter-output>
        </test-method> <!-- tearDown -->
        <test-method is-config="true" signature="SetUp(java.lang.reflect.Method)[pri:0, instance:com.Tests.HomePageTests@4c60d6e9]" started-at="2023-10-26T22:19:33 IST" name="SetUp" finished-at="2023-10-26T22:19:47 IST" duration-ms="14659" status="PASS">
          <params>
            <param index="0">
              <value>
                <![CDATA[public void com.Tests.HomePageTests.ValidateDashboard_Module()]]>
              </value>
            </param>
          </params>
          <reporter-output>
          </reporter-output>
        </test-method> <!-- SetUp -->
        <test-method signature="ValidateDashboard_Module()[pri:0, instance:com.Tests.HomePageTests@4c60d6e9]" started-at="2023-10-26T22:19:47 IST" name="ValidateDashboard_Module" finished-at="2023-10-26T22:19:51 IST" duration-ms="3154" status="PASS">
          <reporter-output>
          </reporter-output>
        </test-method> <!-- ValidateDashboard_Module -->
        <test-method is-config="true" signature="tearDown()[pri:0, instance:com.Tests.HomePageTests@4c60d6e9]" started-at="2023-10-26T22:19:51 IST" name="tearDown" finished-at="2023-10-26T22:19:51 IST" duration-ms="302" status="PASS">
          <reporter-output>
          </reporter-output>
        </test-method> <!-- tearDown -->
        <test-method is-config="true" signature="SetUp(java.lang.reflect.Method)[pri:0, instance:com.Tests.HomePageTests@4c60d6e9]" started-at="2023-10-26T22:19:51 IST" name="SetUp" finished-at="2023-10-26T22:20:06 IST" duration-ms="15235" status="PASS">
          <params>
            <param index="0">
              <value>
                <![CDATA[public void com.Tests.HomePageTests.ValidateDirectory_Module()]]>
              </value>
            </param>
          </params>
          <reporter-output>
          </reporter-output>
        </test-method> <!-- SetUp -->
        <test-method signature="ValidateDirectory_Module()[pri:0, instance:com.Tests.HomePageTests@4c60d6e9]" started-at="2023-10-26T22:20:06 IST" name="ValidateDirectory_Module" finished-at="2023-10-26T22:20:09 IST" duration-ms="2699" status="PASS">
          <reporter-output>
          </reporter-output>
        </test-method> <!-- ValidateDirectory_Module -->
        <test-method is-config="true" signature="tearDown()[pri:0, instance:com.Tests.HomePageTests@4c60d6e9]" started-at="2023-10-26T22:20:09 IST" name="tearDown" finished-at="2023-10-26T22:20:09 IST" duration-ms="264" status="PASS">
          <reporter-output>
          </reporter-output>
        </test-method> <!-- tearDown -->
        <test-method is-config="true" signature="SetUp(java.lang.reflect.Method)[pri:0, instance:com.Tests.HomePageTests@4c60d6e9]" started-at="2023-10-26T22:20:09 IST" name="SetUp" finished-at="2023-10-26T22:20:27 IST" duration-ms="17969" status="PASS">
          <params>
            <param index="0">
              <value>
                <![CDATA[public void com.Tests.HomePageTests.ValidateHelpLinkFunctionality()]]>
              </value>
            </param>
          </params>
          <reporter-output>
          </reporter-output>
        </test-method> <!-- SetUp -->
        <test-method signature="ValidateHelpLinkFunctionality()[pri:0, instance:com.Tests.HomePageTests@4c60d6e9]" started-at="2023-10-26T22:20:27 IST" name="ValidateHelpLinkFunctionality" finished-at="2023-10-26T22:20:32 IST" duration-ms="4483" status="PASS">
          <reporter-output>
          </reporter-output>
        </test-method> <!-- ValidateHelpLinkFunctionality -->
        <test-method is-config="true" signature="tearDown()[pri:0, instance:com.Tests.HomePageTests@4c60d6e9]" started-at="2023-10-26T22:20:32 IST" name="tearDown" finished-at="2023-10-26T22:20:32 IST" duration-ms="242" status="PASS">
          <reporter-output>
          </reporter-output>
        </test-method> <!-- tearDown -->
        <test-method is-config="true" signature="SetUp(java.lang.reflect.Method)[pri:0, instance:com.Tests.HomePageTests@4c60d6e9]" started-at="2023-10-26T22:20:32 IST" name="SetUp" finished-at="2023-10-26T22:20:46 IST" duration-ms="13761" status="PASS">
          <params>
            <param index="0">
              <value>
                <![CDATA[public void com.Tests.HomePageTests.ValidateLeave_Module()]]>
              </value>
            </param>
          </params>
          <reporter-output>
          </reporter-output>
        </test-method> <!-- SetUp -->
        <test-method signature="ValidateLeave_Module()[pri:0, instance:com.Tests.HomePageTests@4c60d6e9]" started-at="2023-10-26T22:20:46 IST" name="ValidateLeave_Module" finished-at="2023-10-26T22:20:49 IST" duration-ms="2931" status="PASS">
          <reporter-output>
          </reporter-output>
        </test-method> <!-- ValidateLeave_Module -->
        <test-method is-config="true" signature="tearDown()[pri:0, instance:com.Tests.HomePageTests@4c60d6e9]" started-at="2023-10-26T22:20:49 IST" name="tearDown" finished-at="2023-10-26T22:20:49 IST" duration-ms="294" status="PASS">
          <reporter-output>
          </reporter-output>
        </test-method> <!-- tearDown -->
        <test-method is-config="true" signature="SetUp(java.lang.reflect.Method)[pri:0, instance:com.Tests.HomePageTests@4c60d6e9]" started-at="2023-10-26T22:20:49 IST" name="SetUp" finished-at="2023-10-26T22:21:02 IST" duration-ms="12518" status="PASS">
          <params>
            <param index="0">
              <value>
                <![CDATA[public void com.Tests.HomePageTests.ValidateLeftArrow()]]>
              </value>
            </param>
          </params>
          <reporter-output>
          </reporter-output>
        </test-method> <!-- SetUp -->
        <test-method signature="ValidateLeftArrow()[pri:0, instance:com.Tests.HomePageTests@4c60d6e9]" started-at="2023-10-26T22:21:02 IST" name="ValidateLeftArrow" finished-at="2023-10-26T22:21:04 IST" duration-ms="2105" status="PASS">
          <reporter-output>
          </reporter-output>
        </test-method> <!-- ValidateLeftArrow -->
        <test-method is-config="true" signature="tearDown()[pri:0, instance:com.Tests.HomePageTests@4c60d6e9]" started-at="2023-10-26T22:21:04 IST" name="tearDown" finished-at="2023-10-26T22:21:05 IST" duration-ms="307" status="PASS">
          <reporter-output>
          </reporter-output>
        </test-method> <!-- tearDown -->
        <test-method is-config="true" signature="SetUp(java.lang.reflect.Method)[pri:0, instance:com.Tests.HomePageTests@4c60d6e9]" started-at="2023-10-26T22:21:05 IST" name="SetUp" finished-at="2023-10-26T22:21:24 IST" duration-ms="19636" status="PASS">
          <params>
            <param index="0">
              <value>
                <![CDATA[public void com.Tests.HomePageTests.ValidateLogo()]]>
              </value>
            </param>
          </params>
          <reporter-output>
          </reporter-output>
        </test-method> <!-- SetUp -->
        <test-method signature="ValidateLogo()[pri:0, instance:com.Tests.HomePageTests@4c60d6e9]" started-at="2023-10-26T22:21:24 IST" name="ValidateLogo" finished-at="2023-10-26T22:21:26 IST" duration-ms="1761" status="PASS">
          <reporter-output>
          </reporter-output>
        </test-method> <!-- ValidateLogo -->
        <test-method is-config="true" signature="tearDown()[pri:0, instance:com.Tests.HomePageTests@4c60d6e9]" started-at="2023-10-26T22:21:26 IST" name="tearDown" finished-at="2023-10-26T22:21:27 IST" duration-ms="246" status="PASS">
          <reporter-output>
          </reporter-output>
        </test-method> <!-- tearDown -->
        <test-method is-config="true" signature="SetUp(java.lang.reflect.Method)[pri:0, instance:com.Tests.HomePageTests@4c60d6e9]" started-at="2023-10-26T22:21:27 IST" name="SetUp" finished-at="2023-10-26T22:21:45 IST" duration-ms="18381" status="PASS">
          <params>
            <param index="0">
              <value>
                <![CDATA[public void com.Tests.HomePageTests.ValidateMaintenance_Module()]]>
              </value>
            </param>
          </params>
          <reporter-output>
          </reporter-output>
        </test-method> <!-- SetUp -->
        <test-method signature="ValidateMaintenance_Module()[pri:0, instance:com.Tests.HomePageTests@4c60d6e9]" started-at="2023-10-26T22:21:45 IST" name="ValidateMaintenance_Module" finished-at="2023-10-26T22:21:48 IST" duration-ms="2875" status="PASS">
          <reporter-output>
          </reporter-output>
        </test-method> <!-- ValidateMaintenance_Module -->
        <test-method is-config="true" signature="tearDown()[pri:0, instance:com.Tests.HomePageTests@4c60d6e9]" started-at="2023-10-26T22:21:48 IST" name="tearDown" finished-at="2023-10-26T22:21:48 IST" duration-ms="251" status="PASS">
          <reporter-output>
          </reporter-output>
        </test-method> <!-- tearDown -->
        <test-method is-config="true" signature="SetUp(java.lang.reflect.Method)[pri:0, instance:com.Tests.HomePageTests@4c60d6e9]" started-at="2023-10-26T22:21:48 IST" name="SetUp" finished-at="2023-10-26T22:22:04 IST" duration-ms="15266" status="PASS">
          <params>
            <param index="0">
              <value>
                <![CDATA[public void com.Tests.HomePageTests.ValidateMyInfo_Module()]]>
              </value>
            </param>
          </params>
          <reporter-output>
          </reporter-output>
        </test-method> <!-- SetUp -->
        <test-method signature="ValidateMyInfo_Module()[pri:0, instance:com.Tests.HomePageTests@4c60d6e9]" started-at="2023-10-26T22:22:04 IST" name="ValidateMyInfo_Module" finished-at="2023-10-26T22:22:07 IST" duration-ms="3631" status="PASS">
          <reporter-output>
          </reporter-output>
        </test-method> <!-- ValidateMyInfo_Module -->
        <test-method is-config="true" signature="tearDown()[pri:0, instance:com.Tests.HomePageTests@4c60d6e9]" started-at="2023-10-26T22:22:07 IST" name="tearDown" finished-at="2023-10-26T22:22:08 IST" duration-ms="317" status="PASS">
          <reporter-output>
          </reporter-output>
        </test-method> <!-- tearDown -->
        <test-method is-config="true" signature="SetUp(java.lang.reflect.Method)[pri:0, instance:com.Tests.HomePageTests@4c60d6e9]" started-at="2023-10-26T22:22:08 IST" name="SetUp" finished-at="2023-10-26T22:22:27 IST" duration-ms="18867" status="PASS">
          <params>
            <param index="0">
              <value>
                <![CDATA[public void com.Tests.HomePageTests.ValidatePIM_Module()]]>
              </value>
            </param>
          </params>
          <reporter-output>
          </reporter-output>
        </test-method> <!-- SetUp -->
        <test-method signature="ValidatePIM_Module()[pri:0, instance:com.Tests.HomePageTests@4c60d6e9]" started-at="2023-10-26T22:22:27 IST" name="ValidatePIM_Module" finished-at="2023-10-26T22:22:30 IST" duration-ms="2994" status="PASS">
          <reporter-output>
          </reporter-output>
        </test-method> <!-- ValidatePIM_Module -->
        <test-method is-config="true" signature="tearDown()[pri:0, instance:com.Tests.HomePageTests@4c60d6e9]" started-at="2023-10-26T22:22:30 IST" name="tearDown" finished-at="2023-10-26T22:22:30 IST" duration-ms="248" status="PASS">
          <reporter-output>
          </reporter-output>
        </test-method> <!-- tearDown -->
        <test-method is-config="true" signature="SetUp(java.lang.reflect.Method)[pri:0, instance:com.Tests.HomePageTests@4c60d6e9]" started-at="2023-10-26T22:22:30 IST" name="SetUp" finished-at="2023-10-26T22:22:40 IST" duration-ms="10317" status="PASS">
          <params>
            <param index="0">
              <value>
                <![CDATA[public void com.Tests.HomePageTests.ValidatePerformance_Module()]]>
              </value>
            </param>
          </params>
          <reporter-output>
          </reporter-output>
        </test-method> <!-- SetUp -->
        <test-method signature="ValidatePerformance_Module()[pri:0, instance:com.Tests.HomePageTests@4c60d6e9]" started-at="2023-10-26T22:22:40 IST" name="ValidatePerformance_Module" finished-at="2023-10-26T22:22:45 IST" duration-ms="4252" status="PASS">
          <reporter-output>
          </reporter-output>
        </test-method> <!-- ValidatePerformance_Module -->
        <test-method is-config="true" signature="tearDown()[pri:0, instance:com.Tests.HomePageTests@4c60d6e9]" started-at="2023-10-26T22:22:45 IST" name="tearDown" finished-at="2023-10-26T22:22:45 IST" duration-ms="284" status="PASS">
          <reporter-output>
          </reporter-output>
        </test-method> <!-- tearDown -->
        <test-method is-config="true" signature="SetUp(java.lang.reflect.Method)[pri:0, instance:com.Tests.HomePageTests@4c60d6e9]" started-at="2023-10-26T22:22:45 IST" name="SetUp" finished-at="2023-10-26T22:23:04 IST" duration-ms="18990" status="PASS">
          <params>
            <param index="0">
              <value>
                <![CDATA[public void com.Tests.HomePageTests.ValidateProfileAboutFuctionality()]]>
              </value>
            </param>
          </params>
          <reporter-output>
          </reporter-output>
        </test-method> <!-- SetUp -->
        <test-method signature="ValidateProfileAboutFuctionality()[pri:0, instance:com.Tests.HomePageTests@4c60d6e9]" started-at="2023-10-26T22:23:04 IST" name="ValidateProfileAboutFuctionality" finished-at="2023-10-26T22:23:09 IST" duration-ms="5146" status="PASS">
          <reporter-output>
          </reporter-output>
        </test-method> <!-- ValidateProfileAboutFuctionality -->
        <test-method is-config="true" signature="tearDown()[pri:0, instance:com.Tests.HomePageTests@4c60d6e9]" started-at="2023-10-26T22:23:09 IST" name="tearDown" finished-at="2023-10-26T22:23:10 IST" duration-ms="296" status="PASS">
          <reporter-output>
          </reporter-output>
        </test-method> <!-- tearDown -->
        <test-method is-config="true" signature="SetUp(java.lang.reflect.Method)[pri:0, instance:com.Tests.HomePageTests@4c60d6e9]" started-at="2023-10-26T22:23:10 IST" name="SetUp" finished-at="2023-10-26T22:23:29 IST" duration-ms="18860" status="PASS">
          <params>
            <param index="0">
              <value>
                <![CDATA[public void com.Tests.HomePageTests.ValidateProfileChangePasswordFunctionality()]]>
              </value>
            </param>
          </params>
          <reporter-output>
          </reporter-output>
        </test-method> <!-- SetUp -->
        <test-method signature="ValidateProfileChangePasswordFunctionality()[pri:0, instance:com.Tests.HomePageTests@4c60d6e9]" started-at="2023-10-26T22:23:29 IST" name="ValidateProfileChangePasswordFunctionality" finished-at="2023-10-26T22:23:32 IST" duration-ms="3265" status="PASS">
          <reporter-output>
          </reporter-output>
        </test-method> <!-- ValidateProfileChangePasswordFunctionality -->
        <test-method is-config="true" signature="tearDown()[pri:0, instance:com.Tests.HomePageTests@4c60d6e9]" started-at="2023-10-26T22:23:32 IST" name="tearDown" finished-at="2023-10-26T22:23:32 IST" duration-ms="270" status="PASS">
          <reporter-output>
          </reporter-output>
        </test-method> <!-- tearDown -->
        <test-method is-config="true" signature="SetUp(java.lang.reflect.Method)[pri:0, instance:com.Tests.HomePageTests@4c60d6e9]" started-at="2023-10-26T22:23:32 IST" name="SetUp" finished-at="2023-10-26T22:23:50 IST" duration-ms="17378" status="PASS">
          <params>
            <param index="0">
              <value>
                <![CDATA[public void com.Tests.HomePageTests.ValidateProfileLogoutFunctionality()]]>
              </value>
            </param>
          </params>
          <reporter-output>
          </reporter-output>
        </test-method> <!-- SetUp -->
        <test-method signature="ValidateProfileLogoutFunctionality()[pri:0, instance:com.Tests.HomePageTests@4c60d6e9]" started-at="2023-10-26T22:23:50 IST" name="ValidateProfileLogoutFunctionality" finished-at="2023-10-26T22:23:53 IST" duration-ms="3296" status="PASS">
          <reporter-output>
          </reporter-output>
        </test-method> <!-- ValidateProfileLogoutFunctionality -->
        <test-method is-config="true" signature="tearDown()[pri:0, instance:com.Tests.HomePageTests@4c60d6e9]" started-at="2023-10-26T22:23:53 IST" name="tearDown" finished-at="2023-10-26T22:23:53 IST" duration-ms="288" status="PASS">
          <reporter-output>
          </reporter-output>
        </test-method> <!-- tearDown -->
        <test-method is-config="true" signature="SetUp(java.lang.reflect.Method)[pri:0, instance:com.Tests.HomePageTests@4c60d6e9]" started-at="2023-10-26T22:23:53 IST" name="SetUp" finished-at="2023-10-26T22:24:14 IST" duration-ms="21068" status="PASS">
          <params>
            <param index="0">
              <value>
                <![CDATA[public void com.Tests.HomePageTests.ValidateProfileSupportFunctionality()]]>
              </value>
            </param>
          </params>
          <reporter-output>
          </reporter-output>
        </test-method> <!-- SetUp -->
        <test-method signature="ValidateProfileSupportFunctionality()[pri:0, instance:com.Tests.HomePageTests@4c60d6e9]" started-at="2023-10-26T22:24:14 IST" name="ValidateProfileSupportFunctionality" finished-at="2023-10-26T22:24:18 IST" duration-ms="3243" status="PASS">
          <reporter-output>
          </reporter-output>
        </test-method> <!-- ValidateProfileSupportFunctionality -->
        <test-method is-config="true" signature="tearDown()[pri:0, instance:com.Tests.HomePageTests@4c60d6e9]" started-at="2023-10-26T22:24:18 IST" name="tearDown" finished-at="2023-10-26T22:24:18 IST" duration-ms="298" status="PASS">
          <reporter-output>
          </reporter-output>
        </test-method> <!-- tearDown -->
        <test-method is-config="true" signature="SetUp(java.lang.reflect.Method)[pri:0, instance:com.Tests.HomePageTests@4c60d6e9]" started-at="2023-10-26T22:24:18 IST" name="SetUp" finished-at="2023-10-26T22:24:32 IST" duration-ms="14067" status="PASS">
          <params>
            <param index="0">
              <value>
                <![CDATA[public void com.Tests.HomePageTests.ValidateProfileTab()]]>
              </value>
            </param>
          </params>
          <reporter-output>
          </reporter-output>
        </test-method> <!-- SetUp -->
        <test-method signature="ValidateProfileTab()[pri:0, instance:com.Tests.HomePageTests@4c60d6e9]" started-at="2023-10-26T22:24:32 IST" name="ValidateProfileTab" finished-at="2023-10-26T22:24:34 IST" duration-ms="1937" status="PASS">
          <reporter-output>
          </reporter-output>
        </test-method> <!-- ValidateProfileTab -->
        <test-method is-config="true" signature="tearDown()[pri:0, instance:com.Tests.HomePageTests@4c60d6e9]" started-at="2023-10-26T22:24:35 IST" name="tearDown" finished-at="2023-10-26T22:24:35 IST" duration-ms="280" status="PASS">
          <reporter-output>
          </reporter-output>
        </test-method> <!-- tearDown -->
        <test-method is-config="true" signature="SetUp(java.lang.reflect.Method)[pri:0, instance:com.Tests.HomePageTests@4c60d6e9]" started-at="2023-10-26T22:24:35 IST" name="SetUp" finished-at="2023-10-26T22:24:54 IST" duration-ms="18854" status="PASS">
          <params>
            <param index="0">
              <value>
                <![CDATA[public void com.Tests.HomePageTests.ValidateRecruitment_Module()]]>
              </value>
            </param>
          </params>
          <reporter-output>
          </reporter-output>
        </test-method> <!-- SetUp -->
        <test-method signature="ValidateRecruitment_Module()[pri:0, instance:com.Tests.HomePageTests@4c60d6e9]" started-at="2023-10-26T22:24:54 IST" name="ValidateRecruitment_Module" finished-at="2023-10-26T22:24:55 IST" duration-ms="1693" status="PASS">
          <reporter-output>
          </reporter-output>
        </test-method> <!-- ValidateRecruitment_Module -->
        <test-method is-config="true" signature="tearDown()[pri:0, instance:com.Tests.HomePageTests@4c60d6e9]" started-at="2023-10-26T22:24:55 IST" name="tearDown" finished-at="2023-10-26T22:24:56 IST" duration-ms="298" status="PASS">
          <reporter-output>
          </reporter-output>
        </test-method> <!-- tearDown -->
        <test-method is-config="true" signature="SetUp(java.lang.reflect.Method)[pri:0, instance:com.Tests.HomePageTests@4c60d6e9]" started-at="2023-10-26T22:24:56 IST" name="SetUp" finished-at="2023-10-26T22:25:11 IST" duration-ms="14914" status="PASS">
          <params>
            <param index="0">
              <value>
                <![CDATA[public void com.Tests.HomePageTests.ValidateSearchFunctionality()]]>
              </value>
            </param>
          </params>
          <reporter-output>
          </reporter-output>
        </test-method> <!-- SetUp -->
        <test-method signature="ValidateSearchFunctionality()[pri:0, instance:com.Tests.HomePageTests@4c60d6e9]" started-at="2023-10-26T22:25:11 IST" name="ValidateSearchFunctionality" finished-at="2023-10-26T22:25:13 IST" duration-ms="1955" status="PASS">
          <reporter-output>
          </reporter-output>
        </test-method> <!-- ValidateSearchFunctionality -->
        <test-method is-config="true" signature="tearDown()[pri:0, instance:com.Tests.HomePageTests@4c60d6e9]" started-at="2023-10-26T22:25:13 IST" name="tearDown" finished-at="2023-10-26T22:25:13 IST" duration-ms="293" status="PASS">
          <reporter-output>
          </reporter-output>
        </test-method> <!-- tearDown -->
        <test-method is-config="true" signature="SetUp(java.lang.reflect.Method)[pri:0, instance:com.Tests.HomePageTests@4c60d6e9]" started-at="2023-10-26T22:25:13 IST" name="SetUp" finished-at="2023-10-26T22:25:32 IST" duration-ms="18519" status="PASS">
          <params>
            <param index="0">
              <value>
                <![CDATA[public void com.Tests.HomePageTests.ValidateTime_Module()]]>
              </value>
            </param>
          </params>
          <reporter-output>
          </reporter-output>
        </test-method> <!-- SetUp -->
        <test-method signature="ValidateTime_Module()[pri:0, instance:com.Tests.HomePageTests@4c60d6e9]" started-at="2023-10-26T22:25:32 IST" name="ValidateTime_Module" finished-at="2023-10-26T22:25:35 IST" duration-ms="2855" status="PASS">
          <reporter-output>
          </reporter-output>
        </test-method> <!-- ValidateTime_Module -->
        <test-method is-config="true" signature="tearDown()[pri:0, instance:com.Tests.HomePageTests@4c60d6e9]" started-at="2023-10-26T22:25:35 IST" name="tearDown" finished-at="2023-10-26T22:25:35 IST" duration-ms="295" status="PASS">
          <reporter-output>
          </reporter-output>
        </test-method> <!-- tearDown -->
      </class> <!-- com.Tests.HomePageTests -->
      <class name="com.Tests.LoginTestsExelData">
        <test-method is-config="true" signature="SetUp(java.lang.reflect.Method)[pri:0, instance:com.Tests.LoginTestsExelData@17f9d882]" started-at="2023-10-26T22:09:48 IST" name="SetUp" finished-at="2023-10-26T22:10:08 IST" duration-ms="20102" status="PASS">
          <params>
            <param index="0">
              <value>
                <![CDATA[public void com.Tests.LoginTestsExelData.LoginCredential(java.util.Map)]]>
              </value>
            </param>
          </params>
          <reporter-output>
          </reporter-output>
        </test-method> <!-- SetUp -->
        <test-method signature="LoginCredential(java.util.Map)[pri:0, instance:com.Tests.LoginTestsExelData@17f9d882]" started-at="2023-10-26T22:10:08 IST" name="LoginCredential" data-provider="logindata" finished-at="2023-10-26T22:10:11 IST" duration-ms="2960" status="PASS">
          <params>
            <param index="0">
              <value>
                <![CDATA[{Username=member@gmail.com, Password=member98}]]>
              </value>
            </param>
          </params>
          <reporter-output>
          </reporter-output>
        </test-method> <!-- LoginCredential -->
        <test-method is-config="true" signature="tearDown()[pri:0, instance:com.Tests.LoginTestsExelData@17f9d882]" started-at="2023-10-26T22:10:11 IST" name="tearDown" finished-at="2023-10-26T22:10:11 IST" duration-ms="254" status="PASS">
          <reporter-output>
          </reporter-output>
        </test-method> <!-- tearDown -->
        <test-method is-config="true" signature="SetUp(java.lang.reflect.Method)[pri:0, instance:com.Tests.LoginTestsExelData@17f9d882]" started-at="2023-10-26T22:10:11 IST" name="SetUp" finished-at="2023-10-26T22:10:26 IST" duration-ms="14606" status="PASS">
          <params>
            <param index="0">
              <value>
                <![CDATA[public void com.Tests.LoginTestsExelData.LoginCredential(java.util.Map)]]>
              </value>
            </param>
          </params>
          <reporter-output>
          </reporter-output>
        </test-method> <!-- SetUp -->
        <test-method signature="LoginCredential(java.util.Map)[pri:0, instance:com.Tests.LoginTestsExelData@17f9d882]" started-at="2023-10-26T22:10:26 IST" name="LoginCredential" data-provider="logindata" finished-at="2023-10-26T22:10:28 IST" duration-ms="2460" status="PASS">
          <params>
            <param index="0">
              <value>
                <![CDATA[{Username=admin@12, Password=Admin23}]]>
              </value>
            </param>
          </params>
          <reporter-output>
          </reporter-output>
        </test-method> <!-- LoginCredential -->
        <test-method is-config="true" signature="tearDown()[pri:0, instance:com.Tests.LoginTestsExelData@17f9d882]" started-at="2023-10-26T22:10:28 IST" name="tearDown" finished-at="2023-10-26T22:10:29 IST" duration-ms="282" status="PASS">
          <reporter-output>
          </reporter-output>
        </test-method> <!-- tearDown -->
        <test-method is-config="true" signature="SetUp(java.lang.reflect.Method)[pri:0, instance:com.Tests.LoginTestsExelData@17f9d882]" started-at="2023-10-26T22:10:29 IST" name="SetUp" finished-at="2023-10-26T22:10:42 IST" duration-ms="13786" status="PASS">
          <params>
            <param index="0">
              <value>
                <![CDATA[public void com.Tests.LoginTestsExelData.LoginCredential(java.util.Map)]]>
              </value>
            </param>
          </params>
          <reporter-output>
          </reporter-output>
        </test-method> <!-- SetUp -->
        <test-method signature="LoginCredential(java.util.Map)[pri:0, instance:com.Tests.LoginTestsExelData@17f9d882]" started-at="2023-10-26T22:10:42 IST" name="LoginCredential" data-provider="logindata" finished-at="2023-10-26T22:10:44 IST" duration-ms="2026" status="PASS">
          <params>
            <param index="0">
              <value>
                <![CDATA[{Username= kiran@gmail.com, Password=Admin34}]]>
              </value>
            </param>
          </params>
          <reporter-output>
          </reporter-output>
        </test-method> <!-- LoginCredential -->
        <test-method is-config="true" signature="tearDown()[pri:0, instance:com.Tests.LoginTestsExelData@17f9d882]" started-at="2023-10-26T22:10:45 IST" name="tearDown" finished-at="2023-10-26T22:10:45 IST" duration-ms="279" status="PASS">
          <reporter-output>
          </reporter-output>
        </test-method> <!-- tearDown -->
        <test-method is-config="true" signature="SetUp(java.lang.reflect.Method)[pri:0, instance:com.Tests.LoginTestsExelData@17f9d882]" started-at="2023-10-26T22:10:45 IST" name="SetUp" finished-at="2023-10-26T22:11:03 IST" duration-ms="18326" status="PASS">
          <params>
            <param index="0">
              <value>
                <![CDATA[public void com.Tests.LoginTestsExelData.LoginWithSingleExelCredential() throws java.lang.InterruptedException,java.io.IOException]]>
              </value>
            </param>
          </params>
          <reporter-output>
          </reporter-output>
        </test-method> <!-- SetUp -->
        <test-method signature="LoginWithSingleExelCredential()[pri:0, instance:com.Tests.LoginTestsExelData@17f9d882]" started-at="2023-10-26T22:11:03 IST" name="LoginWithSingleExelCredential" finished-at="2023-10-26T22:11:11 IST" duration-ms="8084" status="PASS">
          <reporter-output>
          </reporter-output>
        </test-method> <!-- LoginWithSingleExelCredential -->
        <test-method is-config="true" signature="tearDown()[pri:0, instance:com.Tests.LoginTestsExelData@17f9d882]" started-at="2023-10-26T22:11:11 IST" name="tearDown" finished-at="2023-10-26T22:11:12 IST" duration-ms="248" status="PASS">
          <reporter-output>
          </reporter-output>
        </test-method> <!-- tearDown -->
      </class> <!-- com.Tests.LoginTestsExelData -->
    </test> <!-- Four_Modules -->
  </suite> <!-- OrageHRM -->
</testng-results>
