<?xml version="1.0" encoding="UTF-8"?>
<testng-results ignored="0" total="1" passed="0" failed="1" skipped="0">
  <reporter-output>
  </reporter-output>
  <suite started-at="2023-10-19T17:26:40 IST" name="Default suite" finished-at="2023-10-19T17:27:03 IST" duration-ms="22382">
    <groups>
    </groups>
    <test started-at="2023-10-19T17:26:40 IST" name="Default test" finished-at="2023-10-19T17:27:03 IST" duration-ms="22382">
      <class name="com.Tests.LoginTestsExelData">
        <test-method is-config="true" signature="SetUp()[pri:0, instance:com.Tests.LoginTestsExelData@53aac487]" started-at="2023-10-19T17:26:40 IST" name="SetUp" finished-at="2023-10-19T17:27:01 IST" duration-ms="20513" status="PASS">
          <reporter-output>
          </reporter-output>
        </test-method> <!-- SetUp -->
        <test-method signature="LoginWithExelData()[pri:0, instance:com.Tests.LoginTestsExelData@53aac487]" started-at="2023-10-19T17:27:01 IST" name="LoginWithExelData" finished-at="2023-10-19T17:27:02 IST" duration-ms="1096" status="FAIL">
          <exception class="java.lang.ClassCastException">
            <message>
              <![CDATA[class java.util.HashMap$EntrySet cannot be cast to class java.util.Map$Entry (java.util.HashMap$EntrySet and java.util.Map$Entry are in module java.base of loader 'bootstrap')]]>
            </message>
            <full-stacktrace>
              <![CDATA[java.lang.ClassCastException: class java.util.HashMap$EntrySet cannot be cast to class java.util.Map$Entry (java.util.HashMap$EntrySet and java.util.Map$Entry are in module java.base of loader 'bootstrap')
at com.utilities.Utility.getAllData(Utility.java:73)
at com.Tests.LoginTestsExelData.LoginWithExelData(LoginTestsExelData.java:71)
at java.base/jdk.internal.reflect.NativeMethodAccessorImpl.invoke0(Native Method)
at java.base/jdk.internal.reflect.NativeMethodAccessorImpl.invoke(NativeMethodAccessorImpl.java:77)
at java.base/jdk.internal.reflect.DelegatingMethodAccessorImpl.invoke(DelegatingMethodAccessorImpl.java:43)
at java.base/java.lang.reflect.Method.invoke(Method.java:568)
at org.testng.internal.invokers.MethodInvocationHelper.invokeMethod(MethodInvocationHelper.java:139)
at org.testng.internal.invokers.TestInvoker.invokeMethod(TestInvoker.java:664)
at org.testng.internal.invokers.TestInvoker.invokeTestMethod(TestInvoker.java:227)
at org.testng.internal.invokers.MethodRunner.runInSequence(MethodRunner.java:50)
at org.testng.internal.invokers.TestInvoker$MethodInvocationAgent.invoke(TestInvoker.java:957)
at org.testng.internal.invokers.TestInvoker.invokeTestMethods(TestInvoker.java:200)
at org.testng.internal.invokers.TestMethodWorker.invokeTestMethods(TestMethodWorker.java:148)
at org.testng.internal.invokers.TestMethodWorker.run(TestMethodWorker.java:128)
at java.base/java.util.ArrayList.forEach(ArrayList.java:1511)
at org.testng.TestRunner.privateRun(TestRunner.java:848)
at org.testng.TestRunner.run(TestRunner.java:621)
at org.testng.SuiteRunner.runTest(SuiteRunner.java:443)
at org.testng.SuiteRunner.runSequentially(SuiteRunner.java:437)
at org.testng.SuiteRunner.privateRun(SuiteRunner.java:397)
at org.testng.SuiteRunner.run(SuiteRunner.java:336)
at org.testng.SuiteRunnerWorker.runSuite(SuiteRunnerWorker.java:52)
at org.testng.SuiteRunnerWorker.run(SuiteRunnerWorker.java:95)
at org.testng.TestNG.runSuitesSequentially(TestNG.java:1280)
at org.testng.TestNG.runSuitesLocally(TestNG.java:1200)
at org.testng.TestNG.runSuites(TestNG.java:1114)
at org.testng.TestNG.run(TestNG.java:1082)
at org.testng.remote.AbstractRemoteTestNG.run(AbstractRemoteTestNG.java:115)
at org.testng.remote.RemoteTestNG.initAndRun(RemoteTestNG.java:251)
at org.testng.remote.RemoteTestNG.main(RemoteTestNG.java:77)
]]>
            </full-stacktrace>
          </exception> <!-- java.lang.ClassCastException -->
          <reporter-output>
          </reporter-output>
        </test-method> <!-- LoginWithExelData -->
        <test-method is-config="true" signature="tearDown()[pri:0, instance:com.Tests.LoginTestsExelData@53aac487]" started-at="2023-10-19T17:27:02 IST" name="tearDown" finished-at="2023-10-19T17:27:03 IST" duration-ms="692" status="PASS">
          <reporter-output>
          </reporter-output>
        </test-method> <!-- tearDown -->
      </class> <!-- com.Tests.LoginTestsExelData -->
    </test> <!-- Default test -->
  </suite> <!-- Default suite -->
</testng-results>
