<?xml version="1.0" encoding="UTF-8"?>
<testng-results ignored="0" total="1" passed="1" failed="0" skipped="0">
  <reporter-output>
  </reporter-output>
  <suite started-at="2023-10-26T15:42:13 IST" name="Failed suite [Failed suite [Default suite]]" finished-at="2023-10-26T15:42:30 IST" duration-ms="17069">
    <groups>
    </groups>
    <test started-at="2023-10-26T15:42:13 IST" name="Default test(failed)(failed)" finished-at="2023-10-26T15:42:30 IST" duration-ms="17069">
      <class name="com.Tests.HomePageTests">
        <test-method is-config="true" signature="SetUp()[pri:0, instance:com.Tests.HomePageTests@3012646b]" started-at="2023-10-26T15:42:13 IST" name="SetUp" finished-at="2023-10-26T15:42:26 IST" duration-ms="13810" status="PASS">
          <reporter-output>
          </reporter-output>
        </test-method> <!-- SetUp -->
        <test-method signature="ValidateProfileAboutFuctionality()[pri:0, instance:com.Tests.HomePageTests@3012646b]" started-at="2023-10-26T15:42:26 IST" name="ValidateProfileAboutFuctionality" finished-at="2023-10-26T15:42:29 IST" duration-ms="2871" status="PASS">
          <reporter-output>
          </reporter-output>
        </test-method> <!-- ValidateProfileAboutFuctionality -->
        <test-method is-config="true" signature="tearDown()[pri:0, instance:com.Tests.HomePageTests@3012646b]" started-at="2023-10-26T15:42:29 IST" name="tearDown" finished-at="2023-10-26T15:42:30 IST" duration-ms="311" status="PASS">
          <reporter-output>
          </reporter-output>
        </test-method> <!-- tearDown -->
      </class> <!-- com.Tests.HomePageTests -->
    </test> <!-- Default test(failed)(failed) -->
  </suite> <!-- Failed suite [Failed suite [Default suite]] -->
</testng-results>
