<?xml version="1.0" encoding="UTF-8"?>
<testng-results ignored="0" total="1" passed="1" failed="0" skipped="0">
  <reporter-output>
  </reporter-output>
  <suite started-at="2024-02-06T20:46:42 IST" name="Default suite" finished-at="2024-02-06T20:47:06 IST" duration-ms="24198">
    <groups>
    </groups>
    <test started-at="2024-02-06T20:46:42 IST" name="Default test" finished-at="2024-02-06T20:47:06 IST" duration-ms="24198">
      <class name="com.Tests.PIMTests">
        <test-method is-config="true" signature="SetUp(java.lang.reflect.Method)[pri:0, instance:com.Tests.PIMTests@2af004b]" started-at="2024-02-06T20:46:42 IST" name="SetUp" finished-at="2024-02-06T20:47:05 IST" duration-ms="23199" status="PASS">
          <params>
            <param index="0">
              <value>
                <![CDATA[public void com.Tests.PIMTests.ValidateConfigurationDropDown()]]>
              </value>
            </param>
          </params>
          <reporter-output>
          </reporter-output>
        </test-method> <!-- SetUp -->
        <test-method signature="ValidateConfigurationDropDown()[pri:0, instance:com.Tests.PIMTests@2af004b]" started-at="2024-02-06T20:47:05 IST" name="ValidateConfigurationDropDown" finished-at="2024-02-06T20:47:05 IST" duration-ms="469" status="PASS">
          <reporter-output>
          </reporter-output>
        </test-method> <!-- ValidateConfigurationDropDown -->
        <test-method is-config="true" signature="tearDown()[pri:0, instance:com.Tests.PIMTests@2af004b]" started-at="2024-02-06T20:47:05 IST" name="tearDown" finished-at="2024-02-06T20:47:06 IST" duration-ms="448" status="PASS">
          <reporter-output>
          </reporter-output>
        </test-method> <!-- tearDown -->
      </class> <!-- com.Tests.PIMTests -->
    </test> <!-- Default test -->
  </suite> <!-- Default suite -->
</testng-results>
