<?xml version="1.0" encoding="UTF-8"?>
<testng-results ignored="0" total="1" passed="1" failed="0" skipped="0">
  <reporter-output>
  </reporter-output>
  <suite started-at="2023-10-20T19:15:40 IST" name="Default suite" finished-at="2023-10-20T19:15:57 IST" duration-ms="17325">
    <groups>
    </groups>
    <test started-at="2023-10-20T19:15:40 IST" name="Default test" finished-at="2023-10-20T19:15:57 IST" duration-ms="17325">
      <class name="com.Tests.LoginTests">
        <test-method is-config="true" signature="SetUp(java.lang.reflect.Method)[pri:0, instance:com.Tests.LoginTests@783a467b]" started-at="2023-10-20T19:15:40 IST" name="SetUp" finished-at="2023-10-20T19:15:57 IST" duration-ms="16805" status="PASS">
          <params>
            <param index="0">
              <value>
                <![CDATA[public void com.Tests.LoginTests.ValidateTitle()]]>
              </value>
            </param>
          </params>
          <reporter-output>
          </reporter-output>
        </test-method> <!-- SetUp -->
        <test-method signature="ValidateTitle()[pri:0, instance:com.Tests.LoginTests@783a467b]" started-at="2023-10-20T19:15:57 IST" name="ValidateTitle" finished-at="2023-10-20T19:15:57 IST" duration-ms="29" status="PASS">
          <reporter-output>
          </reporter-output>
        </test-method> <!-- ValidateTitle -->
        <test-method is-config="true" signature="tearDown()[pri:0, instance:com.Tests.LoginTests@783a467b]" started-at="2023-10-20T19:15:57 IST" name="tearDown" finished-at="2023-10-20T19:15:57 IST" duration-ms="402" status="PASS">
          <reporter-output>
          </reporter-output>
        </test-method> <!-- tearDown -->
      </class> <!-- com.Tests.LoginTests -->
    </test> <!-- Default test -->
  </suite> <!-- Default suite -->
</testng-results>
