<?xml version="1.0" encoding="UTF-8"?>
<!-- Generated by org.testng.reporters.JUnitXMLReporter -->
<testsuite ignored="5" hostname="LAPTOP-8GD78RI5" failures="1" tests="1" name="Test1" time="0.133" errors="0" timestamp="2023-11-01T19:16:33 IST">
  <testcase classname="com.Tests.PIMTests" name="ValidateReports" time="0.019">
    <failure type="java.lang.NullPointerException" message="Cannot invoke &amp;quot;com.pom.PIM.ClickOnReports()&amp;quot; because &amp;quot;this.pim&amp;quot; is null">
      <![CDATA[java.lang.NullPointerException: Cannot invoke "com.pom.PIM.ClickOnReports()" because "this.pim" is null
at com.Tests.PIMTests.ValidateReports(PIMTests.java:71)
at java.base/java.util.ArrayList.forEach(ArrayList.java:1511)
... Removed 27 stack frames]]>
    </failure>
  </testcase> <!-- ValidateReports -->
  <testcase classname="com.Tests.PIMTests" name="ValidateEmployeeList" time="0.0">
    <ignored/>
  </testcase> <!-- ValidateEmployeeList -->
  <testcase classname="com.Tests.PIMTests" name="ValidateSearchFunctionality" time="0.0">
    <ignored/>
  </testcase> <!-- ValidateSearchFunctionality -->
  <testcase classname="com.Tests.PIMTests" name="ValidateaAddEmployee" time="0.0">
    <ignored/>
  </testcase> <!-- ValidateaAddEmployee -->
  <testcase classname="com.Tests.PIMTests" name="ValidateAddFunctionality" time="0.0">
    <ignored/>
  </testcase> <!-- ValidateAddFunctionality -->
  <testcase classname="com.Tests.PIMTests" name="ValidateConfigurationDropDown" time="0.0">
    <ignored/>
  </testcase> <!-- ValidateConfigurationDropDown -->
</testsuite> <!-- Test1 -->
